[2025-02-05 14:03:07,796] {taskinstance.py:1159} INFO - Dependencies all met for <TaskInstance: grippe_ETL_pipeline.transform_vaccins manual__2025-02-05T14:00:14.593042+00:00 [queued]>
[2025-02-05 14:03:07,800] {taskinstance.py:1159} INFO - Dependencies all met for <TaskInstance: grippe_ETL_pipeline.transform_vaccins manual__2025-02-05T14:00:14.593042+00:00 [queued]>
[2025-02-05 14:03:07,800] {taskinstance.py:1356} INFO - 
--------------------------------------------------------------------------------
[2025-02-05 14:03:07,800] {taskinstance.py:1357} INFO - Starting attempt 1 of 4
[2025-02-05 14:03:07,800] {taskinstance.py:1358} INFO - 
--------------------------------------------------------------------------------
[2025-02-05 14:03:07,804] {taskinstance.py:1377} INFO - Executing <Task(PythonOperator): transform_vaccins> on 2025-02-05 14:00:14.593042+00:00
[2025-02-05 14:03:07,806] {standard_task_runner.py:52} INFO - Started process 10792 to run task
[2025-02-05 14:03:07,807] {standard_task_runner.py:79} INFO - Running: ['***', 'tasks', 'run', 'grippe_ETL_pipeline', 'transform_vaccins', 'manual__2025-02-05T14:00:14.593042+00:00', '--job-id', '629', '--raw', '--subdir', 'DAGS_FOLDER/influenza-ETL.py', '--cfg-path', '/tmp/tmppslle34u', '--error-file', '/tmp/tmppz15kqu1']
[2025-02-05 14:03:07,808] {standard_task_runner.py:80} INFO - Job 629: Subtask transform_vaccins
[2025-02-05 14:03:07,827] {task_command.py:370} INFO - Running <TaskInstance: grippe_ETL_pipeline.transform_vaccins manual__2025-02-05T14:00:14.593042+00:00 [running]> on host e70e045b31e0
[2025-02-05 14:03:07,852] {taskinstance.py:1571} INFO - Exporting the following env vars:
AIRFLOW_CTX_DAG_OWNER=***
AIRFLOW_CTX_DAG_ID=grippe_ETL_pipeline
AIRFLOW_CTX_TASK_ID=transform_vaccins
AIRFLOW_CTX_EXECUTION_DATE=2025-02-05T14:00:14.593042+00:00
AIRFLOW_CTX_TRY_NUMBER=1
AIRFLOW_CTX_DAG_RUN_ID=manual__2025-02-05T14:00:14.593042+00:00
[2025-02-05 14:03:07,868] {logging_mixin.py:115} INFO - ✅ VACCINS - Fichier TRANSFORMÉ sauvegardé : data/transformed_vaccins_20250205_140307.csv (52 lignes)
[2025-02-05 14:03:07,868] {python.py:173} INFO - Done. Returned value was: None
[2025-02-05 14:03:07,872] {taskinstance.py:1400} INFO - Marking task as SUCCESS. dag_id=grippe_ETL_pipeline, task_id=transform_vaccins, execution_date=20250205T140014, start_date=20250205T140307, end_date=20250205T140307
[2025-02-05 14:03:07,907] {local_task_job.py:156} INFO - Task exited with return code 0
[2025-02-05 14:03:07,920] {local_task_job.py:273} INFO - 1 downstream tasks scheduled from follow-on schedule check
