[2025-02-05 14:23:55,970] {taskinstance.py:1159} INFO - Dependencies all met for <TaskInstance: grippe_ETL_pipeline.load_vaccins2024 manual__2025-02-05T14:23:53.594885+00:00 [queued]>
[2025-02-05 14:23:55,973] {taskinstance.py:1159} INFO - Dependencies all met for <TaskInstance: grippe_ETL_pipeline.load_vaccins2024 manual__2025-02-05T14:23:53.594885+00:00 [queued]>
[2025-02-05 14:23:55,974] {taskinstance.py:1356} INFO - 
--------------------------------------------------------------------------------
[2025-02-05 14:23:55,974] {taskinstance.py:1357} INFO - Starting attempt 1 of 4
[2025-02-05 14:23:55,974] {taskinstance.py:1358} INFO - 
--------------------------------------------------------------------------------
[2025-02-05 14:23:55,979] {taskinstance.py:1377} INFO - Executing <Task(PythonOperator): load_vaccins2024> on 2025-02-05 14:23:53.594885+00:00
[2025-02-05 14:23:55,981] {standard_task_runner.py:52} INFO - Started process 11883 to run task
[2025-02-05 14:23:55,983] {standard_task_runner.py:79} INFO - Running: ['***', 'tasks', 'run', 'grippe_ETL_pipeline', 'load_vaccins2024', 'manual__2025-02-05T14:23:53.594885+00:00', '--job-id', '639', '--raw', '--subdir', 'DAGS_FOLDER/influenza-ETL.py', '--cfg-path', '/tmp/tmpi4oih_yq', '--error-file', '/tmp/tmprddc7rme']
[2025-02-05 14:23:55,985] {standard_task_runner.py:80} INFO - Job 639: Subtask load_vaccins2024
[2025-02-05 14:23:56,006] {task_command.py:370} INFO - Running <TaskInstance: grippe_ETL_pipeline.load_vaccins2024 manual__2025-02-05T14:23:53.594885+00:00 [running]> on host e70e045b31e0
[2025-02-05 14:23:56,033] {taskinstance.py:1571} INFO - Exporting the following env vars:
AIRFLOW_CTX_DAG_OWNER=***
AIRFLOW_CTX_DAG_ID=grippe_ETL_pipeline
AIRFLOW_CTX_TASK_ID=load_vaccins2024
AIRFLOW_CTX_EXECUTION_DATE=2025-02-05T14:23:53.594885+00:00
AIRFLOW_CTX_TRY_NUMBER=1
AIRFLOW_CTX_DAG_RUN_ID=manual__2025-02-05T14:23:53.594885+00:00
[2025-02-05 14:23:57,982] {logging_mixin.py:115} INFO - ✅ Chargement réussi dans la table grippe_vaccins2024 (52 lignes)
[2025-02-05 14:23:57,982] {python.py:173} INFO - Done. Returned value was: None
[2025-02-05 14:23:57,989] {taskinstance.py:1400} INFO - Marking task as SUCCESS. dag_id=grippe_ETL_pipeline, task_id=load_vaccins2024, execution_date=20250205T142353, start_date=20250205T142355, end_date=20250205T142357
[2025-02-05 14:23:58,018] {local_task_job.py:156} INFO - Task exited with return code 0
[2025-02-05 14:23:58,031] {local_task_job.py:273} INFO - 0 downstream tasks scheduled from follow-on schedule check
