[2025-02-04 15:14:38,937] {taskinstance.py:1159} INFO - Dependencies all met for <TaskInstance: grippe_etl_pipeline.fetch_grippe_data scheduled__2024-02-07T00:00:00+00:00 [queued]>
[2025-02-04 15:14:38,952] {taskinstance.py:1159} INFO - Dependencies all met for <TaskInstance: grippe_etl_pipeline.fetch_grippe_data scheduled__2024-02-07T00:00:00+00:00 [queued]>
[2025-02-04 15:14:38,953] {taskinstance.py:1356} INFO - 
--------------------------------------------------------------------------------
[2025-02-04 15:14:38,953] {taskinstance.py:1357} INFO - Starting attempt 1 of 1
[2025-02-04 15:14:38,953] {taskinstance.py:1358} INFO - 
--------------------------------------------------------------------------------
[2025-02-04 15:14:38,966] {taskinstance.py:1377} INFO - Executing <Task(PythonOperator): fetch_grippe_data> on 2024-02-07 00:00:00+00:00
[2025-02-04 15:14:38,970] {standard_task_runner.py:52} INFO - Started process 193 to run task
[2025-02-04 15:14:38,974] {standard_task_runner.py:79} INFO - Running: ['***', 'tasks', 'run', 'grippe_etl_pipeline', 'fetch_grippe_data', 'scheduled__2024-02-07T00:00:00+00:00', '--job-id', '8', '--raw', '--subdir', 'DAGS_FOLDER/influenza-ETL.py', '--cfg-path', '/tmp/tmpfjjt3xgp', '--error-file', '/tmp/tmp0h3wlvr1']
[2025-02-04 15:14:38,976] {standard_task_runner.py:80} INFO - Job 8: Subtask fetch_grippe_data
[2025-02-04 15:14:39,048] {task_command.py:370} INFO - Running <TaskInstance: grippe_etl_pipeline.fetch_grippe_data scheduled__2024-02-07T00:00:00+00:00 [running]> on host 559b3591b7a4
[2025-02-04 15:14:39,123] {taskinstance.py:1571} INFO - Exporting the following env vars:
AIRFLOW_CTX_DAG_OWNER=***
AIRFLOW_CTX_DAG_ID=grippe_etl_pipeline
AIRFLOW_CTX_TASK_ID=fetch_grippe_data
AIRFLOW_CTX_EXECUTION_DATE=2024-02-07T00:00:00+00:00
AIRFLOW_CTX_TRY_NUMBER=1
AIRFLOW_CTX_DAG_RUN_ID=scheduled__2024-02-07T00:00:00+00:00
[2025-02-04 15:14:40,208] {taskinstance.py:1889} ERROR - Task failed with exception
Traceback (most recent call last):
  File "/home/airflow/.local/lib/python3.7/site-packages/airflow/operators/python.py", line 171, in execute
    return_value = self.execute_callable()
  File "/home/airflow/.local/lib/python3.7/site-packages/airflow/operators/python.py", line 189, in execute_callable
    return self.python_callable(*self.op_args, **self.op_kwargs)
  File "/opt/airflow/dags/influenza-ETL.py", line 12, in fetch_grippe_data
    df = pd.DataFrame(data)
  File "/home/airflow/.local/lib/python3.7/site-packages/pandas/core/frame.py", line 614, in __init__
    mgr = dict_to_mgr(data, index, columns, dtype=dtype, copy=copy, typ=manager)
  File "/home/airflow/.local/lib/python3.7/site-packages/pandas/core/internals/construction.py", line 465, in dict_to_mgr
    arrays, data_names, index, columns, dtype=dtype, typ=typ, consolidate=copy
  File "/home/airflow/.local/lib/python3.7/site-packages/pandas/core/internals/construction.py", line 119, in arrays_to_mgr
    index = _extract_index(arrays)
  File "/home/airflow/.local/lib/python3.7/site-packages/pandas/core/internals/construction.py", line 639, in _extract_index
    "Mixing dicts with non-Series may lead to ambiguous ordering."
ValueError: Mixing dicts with non-Series may lead to ambiguous ordering.
[2025-02-04 15:14:40,220] {taskinstance.py:1400} INFO - Marking task as FAILED. dag_id=grippe_etl_pipeline, task_id=fetch_grippe_data, execution_date=20240207T000000, start_date=20250204T151438, end_date=20250204T151440
[2025-02-04 15:14:40,308] {standard_task_runner.py:97} ERROR - Failed to execute job 8 for task fetch_grippe_data (Mixing dicts with non-Series may lead to ambiguous ordering.; 193)
[2025-02-04 15:14:40,348] {local_task_job.py:156} INFO - Task exited with return code 1
[2025-02-04 15:14:40,374] {local_task_job.py:273} INFO - 0 downstream tasks scheduled from follow-on schedule check
