[2025-02-04 15:12:08,866] {manager.py:480} INFO - Processing files using up to 2 processes at a time 
[2025-02-04 15:12:08,868] {manager.py:481} INFO - Process each file at most once every 30 seconds
[2025-02-04 15:12:08,869] {manager.py:483} INFO - Checking for new files in /opt/airflow/dags every 300 seconds
[2025-02-04 15:12:08,869] {manager.py:690} INFO - Searching for files in /opt/airflow/dags
[2025-02-04 15:12:08,872] {manager.py:693} INFO - There are 1 files in /opt/airflow/dags
[2025-02-04 15:12:08,891] {manager.py:809} INFO - 
================================================================================
DAG File Processing Stats

File Path                             PID  Runtime      # DAGs    # Errors  Last Runtime    Last Run
----------------------------------  -----  ---------  --------  ----------  --------------  ----------
/opt/airflow/dags/influenza-ETL.py     38  0.01s             0           0
================================================================================
[2025-02-04 15:12:39,005] {manager.py:809} INFO - 
================================================================================
DAG File Processing Stats

File Path                           PID    Runtime      # DAGs    # Errors  Last Runtime    Last Run
----------------------------------  -----  ---------  --------  ----------  --------------  -------------------
/opt/airflow/dags/influenza-ETL.py                           1           0  0.55s           2025-02-04T15:12:09
================================================================================
[2025-02-04 15:13:09,676] {manager.py:809} INFO - 
================================================================================
DAG File Processing Stats

File Path                           PID    Runtime      # DAGs    # Errors  Last Runtime    Last Run
----------------------------------  -----  ---------  --------  ----------  --------------  -------------------
/opt/airflow/dags/influenza-ETL.py                           1           0  0.32s           2025-02-04T15:12:39
================================================================================
[2025-02-04 15:13:40,129] {manager.py:809} INFO - 
================================================================================
DAG File Processing Stats

File Path                           PID    Runtime      # DAGs    # Errors  Last Runtime    Last Run
----------------------------------  -----  ---------  --------  ----------  --------------  -------------------
/opt/airflow/dags/influenza-ETL.py                           1           0  0.21s           2025-02-04T15:13:10
================================================================================
[2025-02-04 15:14:10,455] {manager.py:809} INFO - 
================================================================================
DAG File Processing Stats

File Path                           PID    Runtime      # DAGs    # Errors  Last Runtime    Last Run
----------------------------------  -----  ---------  --------  ----------  --------------  -------------------
/opt/airflow/dags/influenza-ETL.py                           1           0  0.17s           2025-02-04T15:13:40
================================================================================
[2025-02-04 15:14:40,717] {manager.py:809} INFO - 
================================================================================
DAG File Processing Stats

File Path                           PID    Runtime      # DAGs    # Errors  Last Runtime    Last Run
----------------------------------  -----  ---------  --------  ----------  --------------  -------------------
/opt/airflow/dags/influenza-ETL.py                           1           0  0.22s           2025-02-04T15:14:10
================================================================================
[2025-02-04 15:15:11,038] {manager.py:809} INFO - 
================================================================================
DAG File Processing Stats

File Path                           PID    Runtime      # DAGs    # Errors  Last Runtime    Last Run
----------------------------------  -----  ---------  --------  ----------  --------------  -------------------
/opt/airflow/dags/influenza-ETL.py                           1           0  0.23s           2025-02-04T15:14:41
================================================================================
[2025-02-04 15:15:41,373] {manager.py:809} INFO - 
================================================================================
DAG File Processing Stats

File Path                           PID    Runtime      # DAGs    # Errors  Last Runtime    Last Run
----------------------------------  -----  ---------  --------  ----------  --------------  -------------------
/opt/airflow/dags/influenza-ETL.py                           1           0  0.26s           2025-02-04T15:15:11
================================================================================
[2025-02-04 15:16:11,727] {manager.py:809} INFO - 
================================================================================
DAG File Processing Stats

File Path                           PID    Runtime      # DAGs    # Errors  Last Runtime    Last Run
----------------------------------  -----  ---------  --------  ----------  --------------  -------------------
/opt/airflow/dags/influenza-ETL.py                           1           0  0.18s           2025-02-04T15:15:41
================================================================================
[2025-02-04 15:16:41,973] {manager.py:809} INFO - 
================================================================================
DAG File Processing Stats

File Path                           PID    Runtime      # DAGs    # Errors  Last Runtime    Last Run
----------------------------------  -----  ---------  --------  ----------  --------------  -------------------
/opt/airflow/dags/influenza-ETL.py                           1           0  0.19s           2025-02-04T15:16:12
================================================================================
[2025-02-04 15:17:09,231] {manager.py:690} INFO - Searching for files in /opt/airflow/dags
[2025-02-04 15:17:09,236] {manager.py:693} INFO - There are 1 files in /opt/airflow/dags
[2025-02-04 15:17:12,272] {manager.py:809} INFO - 
================================================================================
DAG File Processing Stats

File Path                           PID    Runtime      # DAGs    # Errors  Last Runtime    Last Run
----------------------------------  -----  ---------  --------  ----------  --------------  -------------------
/opt/airflow/dags/influenza-ETL.py                           1           0  0.19s           2025-02-04T15:16:42
================================================================================
[2025-02-04 15:17:42,518] {manager.py:809} INFO - 
================================================================================
DAG File Processing Stats

File Path                           PID    Runtime      # DAGs    # Errors  Last Runtime    Last Run
----------------------------------  -----  ---------  --------  ----------  --------------  -------------------
/opt/airflow/dags/influenza-ETL.py                           1           0  0.20s           2025-02-04T15:17:12
================================================================================
[2025-02-04 15:18:12,822] {manager.py:809} INFO - 
================================================================================
DAG File Processing Stats

File Path                           PID    Runtime      # DAGs    # Errors  Last Runtime    Last Run
----------------------------------  -----  ---------  --------  ----------  --------------  -------------------
/opt/airflow/dags/influenza-ETL.py                           1           0  0.21s           2025-02-04T15:17:42
================================================================================
[2025-02-04 15:18:43,171] {manager.py:809} INFO - 
================================================================================
DAG File Processing Stats

File Path                           PID    Runtime      # DAGs    # Errors  Last Runtime    Last Run
----------------------------------  -----  ---------  --------  ----------  --------------  -------------------
/opt/airflow/dags/influenza-ETL.py                           1           0  0.20s           2025-02-04T15:18:13
================================================================================
[2025-02-04 15:19:13,468] {manager.py:809} INFO - 
================================================================================
DAG File Processing Stats

File Path                           PID    Runtime      # DAGs    # Errors  Last Runtime    Last Run
----------------------------------  -----  ---------  --------  ----------  --------------  -------------------
/opt/airflow/dags/influenza-ETL.py                           1           0  0.19s           2025-02-04T15:18:43
================================================================================
[2025-02-04 15:19:43,770] {manager.py:809} INFO - 
================================================================================
DAG File Processing Stats

File Path                           PID    Runtime      # DAGs    # Errors  Last Runtime    Last Run
----------------------------------  -----  ---------  --------  ----------  --------------  -------------------
/opt/airflow/dags/influenza-ETL.py                           1           0  0.21s           2025-02-04T15:19:13
================================================================================
[2025-02-04 15:20:14,091] {manager.py:809} INFO - 
================================================================================
DAG File Processing Stats

File Path                           PID    Runtime      # DAGs    # Errors  Last Runtime    Last Run
----------------------------------  -----  ---------  --------  ----------  --------------  -------------------
/opt/airflow/dags/influenza-ETL.py                           1           0  0.18s           2025-02-04T15:19:44
================================================================================
[2025-02-04 15:20:44,386] {manager.py:809} INFO - 
================================================================================
DAG File Processing Stats

File Path                           PID    Runtime      # DAGs    # Errors  Last Runtime    Last Run
----------------------------------  -----  ---------  --------  ----------  --------------  -------------------
/opt/airflow/dags/influenza-ETL.py                           1           0  0.17s           2025-02-04T15:20:14
================================================================================
[2025-02-04 15:21:14,673] {manager.py:809} INFO - 
================================================================================
DAG File Processing Stats

File Path                           PID    Runtime      # DAGs    # Errors  Last Runtime    Last Run
----------------------------------  -----  ---------  --------  ----------  --------------  -------------------
/opt/airflow/dags/influenza-ETL.py                           1           0  0.18s           2025-02-04T15:20:44
================================================================================
[2025-02-04 15:21:44,980] {manager.py:809} INFO - 
================================================================================
DAG File Processing Stats

File Path                           PID    Runtime      # DAGs    # Errors  Last Runtime    Last Run
----------------------------------  -----  ---------  --------  ----------  --------------  -------------------
/opt/airflow/dags/influenza-ETL.py                           1           0  0.19s           2025-02-04T15:21:15
================================================================================
[2025-02-04 15:22:09,233] {manager.py:690} INFO - Searching for files in /opt/airflow/dags
[2025-02-04 15:22:09,238] {manager.py:693} INFO - There are 1 files in /opt/airflow/dags
[2025-02-04 15:22:15,281] {manager.py:809} INFO - 
================================================================================
DAG File Processing Stats

File Path                           PID    Runtime      # DAGs    # Errors  Last Runtime    Last Run
----------------------------------  -----  ---------  --------  ----------  --------------  -------------------
/opt/airflow/dags/influenza-ETL.py                           1           0  0.16s           2025-02-04T15:21:56
================================================================================
[2025-02-04 15:22:45,534] {manager.py:809} INFO - 
================================================================================
DAG File Processing Stats

File Path                           PID    Runtime      # DAGs    # Errors  Last Runtime    Last Run
----------------------------------  -----  ---------  --------  ----------  --------------  -------------------
/opt/airflow/dags/influenza-ETL.py                           1           0  0.20s           2025-02-04T15:22:26
================================================================================
[2025-02-04 15:23:15,834] {manager.py:809} INFO - 
================================================================================
DAG File Processing Stats

File Path                           PID    Runtime      # DAGs    # Errors  Last Runtime    Last Run
----------------------------------  -----  ---------  --------  ----------  --------------  -------------------
/opt/airflow/dags/influenza-ETL.py                           1           0  0.19s           2025-02-04T15:22:56
================================================================================
[2025-02-04 15:23:46,109] {manager.py:809} INFO - 
================================================================================
DAG File Processing Stats

File Path                           PID    Runtime      # DAGs    # Errors  Last Runtime    Last Run
----------------------------------  -----  ---------  --------  ----------  --------------  -------------------
/opt/airflow/dags/influenza-ETL.py                           1           0  0.20s           2025-02-04T15:23:27
================================================================================
[2025-02-04 15:24:16,405] {manager.py:809} INFO - 
================================================================================
DAG File Processing Stats

File Path                           PID    Runtime      # DAGs    # Errors  Last Runtime    Last Run
----------------------------------  -----  ---------  --------  ----------  --------------  -------------------
/opt/airflow/dags/influenza-ETL.py                           1           0  0.19s           2025-02-04T15:23:57
================================================================================
[2025-02-04 15:24:46,706] {manager.py:809} INFO - 
================================================================================
DAG File Processing Stats

File Path                           PID    Runtime      # DAGs    # Errors  Last Runtime    Last Run
----------------------------------  -----  ---------  --------  ----------  --------------  -------------------
/opt/airflow/dags/influenza-ETL.py                           1           0  0.22s           2025-02-04T15:24:27
================================================================================
[2025-02-04 15:25:17,060] {manager.py:809} INFO - 
================================================================================
DAG File Processing Stats

File Path                           PID    Runtime      # DAGs    # Errors  Last Runtime    Last Run
----------------------------------  -----  ---------  --------  ----------  --------------  -------------------
/opt/airflow/dags/influenza-ETL.py                           1           0  0.21s           2025-02-04T15:24:58
================================================================================
[2025-02-04 15:25:47,379] {manager.py:809} INFO - 
================================================================================
DAG File Processing Stats

File Path                           PID    Runtime      # DAGs    # Errors  Last Runtime    Last Run
----------------------------------  -----  ---------  --------  ----------  --------------  -------------------
/opt/airflow/dags/influenza-ETL.py                           1           0  0.20s           2025-02-04T15:25:28
================================================================================
[2025-02-04 15:26:17,690] {manager.py:809} INFO - 
================================================================================
DAG File Processing Stats

File Path                           PID    Runtime      # DAGs    # Errors  Last Runtime    Last Run
----------------------------------  -----  ---------  --------  ----------  --------------  -------------------
/opt/airflow/dags/influenza-ETL.py                           1           0  0.20s           2025-02-04T15:25:58
================================================================================
[2025-02-04 15:26:48,023] {manager.py:809} INFO - 
================================================================================
DAG File Processing Stats

File Path                           PID    Runtime      # DAGs    # Errors  Last Runtime    Last Run
----------------------------------  -----  ---------  --------  ----------  --------------  -------------------
/opt/airflow/dags/influenza-ETL.py                           1           0  0.23s           2025-02-04T15:26:29
================================================================================
[2025-02-04 15:27:09,338] {manager.py:690} INFO - Searching for files in /opt/airflow/dags
[2025-02-04 15:27:09,343] {manager.py:693} INFO - There are 1 files in /opt/airflow/dags
[2025-02-04 15:27:18,405] {manager.py:809} INFO - 
================================================================================
DAG File Processing Stats

File Path                           PID    Runtime      # DAGs    # Errors  Last Runtime    Last Run
----------------------------------  -----  ---------  --------  ----------  --------------  -------------------
/opt/airflow/dags/influenza-ETL.py                           1           0  0.20s           2025-02-04T15:26:59
================================================================================
[2025-02-04 15:27:48,719] {manager.py:809} INFO - 
================================================================================
DAG File Processing Stats

File Path                           PID    Runtime      # DAGs    # Errors  Last Runtime    Last Run
----------------------------------  -----  ---------  --------  ----------  --------------  -------------------
/opt/airflow/dags/influenza-ETL.py                           1           0  0.15s           2025-02-04T15:27:29
================================================================================
[2025-02-04 15:28:19,022] {manager.py:809} INFO - 
================================================================================
DAG File Processing Stats

File Path                           PID    Runtime      # DAGs    # Errors  Last Runtime    Last Run
----------------------------------  -----  ---------  --------  ----------  --------------  -------------------
/opt/airflow/dags/influenza-ETL.py                           1           0  0.18s           2025-02-04T15:27:59
================================================================================
[2025-02-04 15:28:49,163] {manager.py:809} INFO - 
================================================================================
DAG File Processing Stats

File Path                           PID    Runtime      # DAGs    # Errors  Last Runtime    Last Run
----------------------------------  -----  ---------  --------  ----------  --------------  -------------------
/opt/airflow/dags/influenza-ETL.py                           1           0  0.16s           2025-02-04T15:28:30
================================================================================
[2025-02-04 15:29:19,459] {manager.py:809} INFO - 
================================================================================
DAG File Processing Stats

File Path                           PID    Runtime      # DAGs    # Errors  Last Runtime    Last Run
----------------------------------  -----  ---------  --------  ----------  --------------  -------------------
/opt/airflow/dags/influenza-ETL.py                           1           0  0.21s           2025-02-04T15:29:00
================================================================================
[2025-02-04 15:29:49,821] {manager.py:809} INFO - 
================================================================================
DAG File Processing Stats

File Path                           PID    Runtime      # DAGs    # Errors  Last Runtime    Last Run
----------------------------------  -----  ---------  --------  ----------  --------------  -------------------
/opt/airflow/dags/influenza-ETL.py                           1           0  0.16s           2025-02-04T15:29:30
================================================================================
[2025-02-04 15:30:20,128] {manager.py:809} INFO - 
================================================================================
DAG File Processing Stats

File Path                           PID    Runtime      # DAGs    # Errors  Last Runtime    Last Run
----------------------------------  -----  ---------  --------  ----------  --------------  -------------------
/opt/airflow/dags/influenza-ETL.py                           1           0  0.20s           2025-02-04T15:30:01
================================================================================
[2025-02-04 15:30:50,442] {manager.py:809} INFO - 
================================================================================
DAG File Processing Stats

File Path                           PID    Runtime      # DAGs    # Errors  Last Runtime    Last Run
----------------------------------  -----  ---------  --------  ----------  --------------  -------------------
/opt/airflow/dags/influenza-ETL.py                           1           0  0.21s           2025-02-04T15:30:31
================================================================================
[2025-02-04 15:31:20,772] {manager.py:809} INFO - 
================================================================================
DAG File Processing Stats

File Path                           PID    Runtime      # DAGs    # Errors  Last Runtime    Last Run
----------------------------------  -----  ---------  --------  ----------  --------------  -------------------
/opt/airflow/dags/influenza-ETL.py                           1           0  0.19s           2025-02-04T15:31:01
================================================================================
[2025-02-04 15:31:51,081] {manager.py:809} INFO - 
================================================================================
DAG File Processing Stats

File Path                           PID    Runtime      # DAGs    # Errors  Last Runtime    Last Run
----------------------------------  -----  ---------  --------  ----------  --------------  -------------------
/opt/airflow/dags/influenza-ETL.py                           1           0  0.19s           2025-02-04T15:31:32
================================================================================
[2025-02-04 15:32:09,344] {manager.py:690} INFO - Searching for files in /opt/airflow/dags
[2025-02-04 15:32:09,350] {manager.py:693} INFO - There are 1 files in /opt/airflow/dags
[2025-02-04 15:32:21,434] {manager.py:809} INFO - 
================================================================================
DAG File Processing Stats

File Path                           PID    Runtime      # DAGs    # Errors  Last Runtime    Last Run
----------------------------------  -----  ---------  --------  ----------  --------------  -------------------
/opt/airflow/dags/influenza-ETL.py                           1           0  0.17s           2025-02-04T15:32:02
================================================================================
[2025-02-04 15:32:51,712] {manager.py:809} INFO - 
================================================================================
DAG File Processing Stats

File Path                           PID    Runtime      # DAGs    # Errors  Last Runtime    Last Run
----------------------------------  -----  ---------  --------  ----------  --------------  -------------------
/opt/airflow/dags/influenza-ETL.py                           1           0  0.18s           2025-02-04T15:32:32
================================================================================
[2025-02-04 15:33:21,909] {manager.py:809} INFO - 
================================================================================
DAG File Processing Stats

File Path                           PID    Runtime      # DAGs    # Errors  Last Runtime    Last Run
----------------------------------  -----  ---------  --------  ----------  --------------  -------------------
/opt/airflow/dags/influenza-ETL.py                           1           0  0.19s           2025-02-04T15:33:02
================================================================================
[2025-02-04 15:33:52,219] {manager.py:809} INFO - 
================================================================================
DAG File Processing Stats

File Path                           PID    Runtime      # DAGs    # Errors  Last Runtime    Last Run
----------------------------------  -----  ---------  --------  ----------  --------------  -------------------
/opt/airflow/dags/influenza-ETL.py                           1           0  0.19s           2025-02-04T15:33:33
================================================================================
[2025-02-04 15:34:22,567] {manager.py:809} INFO - 
================================================================================
DAG File Processing Stats

File Path                           PID    Runtime      # DAGs    # Errors  Last Runtime    Last Run
----------------------------------  -----  ---------  --------  ----------  --------------  -------------------
/opt/airflow/dags/influenza-ETL.py                           1           0  0.19s           2025-02-04T15:34:03
================================================================================
[2025-02-04 15:34:52,900] {manager.py:809} INFO - 
================================================================================
DAG File Processing Stats

File Path                           PID    Runtime      # DAGs    # Errors  Last Runtime    Last Run
----------------------------------  -----  ---------  --------  ----------  --------------  -------------------
/opt/airflow/dags/influenza-ETL.py                           1           0  0.15s           2025-02-04T15:34:33
================================================================================
[2025-02-04 15:35:23,054] {manager.py:809} INFO - 
================================================================================
DAG File Processing Stats

File Path                           PID    Runtime      # DAGs    # Errors  Last Runtime    Last Run
----------------------------------  -----  ---------  --------  ----------  --------------  -------------------
/opt/airflow/dags/influenza-ETL.py                           1           0  0.19s           2025-02-04T15:35:04
================================================================================
[2025-02-04 15:35:53,333] {manager.py:809} INFO - 
================================================================================
DAG File Processing Stats

File Path                           PID    Runtime      # DAGs    # Errors  Last Runtime    Last Run
----------------------------------  -----  ---------  --------  ----------  --------------  -------------------
/opt/airflow/dags/influenza-ETL.py                           1           0  0.17s           2025-02-04T15:35:34
================================================================================
[2025-02-04 15:36:23,662] {manager.py:809} INFO - 
================================================================================
DAG File Processing Stats

File Path                           PID    Runtime      # DAGs    # Errors  Last Runtime    Last Run
----------------------------------  -----  ---------  --------  ----------  --------------  -------------------
/opt/airflow/dags/influenza-ETL.py                           1           0  0.19s           2025-02-04T15:36:04
================================================================================
[2025-02-04 15:36:53,970] {manager.py:809} INFO - 
================================================================================
DAG File Processing Stats

File Path                           PID    Runtime      # DAGs    # Errors  Last Runtime    Last Run
----------------------------------  -----  ---------  --------  ----------  --------------  -------------------
/opt/airflow/dags/influenza-ETL.py                           1           0  0.15s           2025-02-04T15:36:35
================================================================================
[2025-02-04 15:37:10,181] {manager.py:690} INFO - Searching for files in /opt/airflow/dags
[2025-02-04 15:37:10,186] {manager.py:693} INFO - There are 1 files in /opt/airflow/dags
[2025-02-04 15:37:24,275] {manager.py:809} INFO - 
================================================================================
DAG File Processing Stats

File Path                           PID    Runtime      # DAGs    # Errors  Last Runtime    Last Run
----------------------------------  -----  ---------  --------  ----------  --------------  -------------------
/opt/airflow/dags/influenza-ETL.py                           1           0  0.17s           2025-02-04T15:37:05
================================================================================
[2025-02-04 15:37:54,493] {manager.py:809} INFO - 
================================================================================
DAG File Processing Stats

File Path                           PID    Runtime      # DAGs    # Errors  Last Runtime    Last Run
----------------------------------  -----  ---------  --------  ----------  --------------  -------------------
/opt/airflow/dags/influenza-ETL.py                           1           0  0.21s           2025-02-04T15:37:35
================================================================================
[2025-02-04 15:38:24,820] {manager.py:809} INFO - 
================================================================================
DAG File Processing Stats

File Path                           PID    Runtime      # DAGs    # Errors  Last Runtime    Last Run
----------------------------------  -----  ---------  --------  ----------  --------------  -------------------
/opt/airflow/dags/influenza-ETL.py                           1           0  0.20s           2025-02-04T15:38:05
================================================================================
[2025-02-04 15:38:55,100] {manager.py:809} INFO - 
================================================================================
DAG File Processing Stats

File Path                           PID    Runtime      # DAGs    # Errors  Last Runtime    Last Run
----------------------------------  -----  ---------  --------  ----------  --------------  -------------------
/opt/airflow/dags/influenza-ETL.py                           1           0  0.19s           2025-02-04T15:38:36
================================================================================
[2025-02-04 15:39:25,436] {manager.py:809} INFO - 
================================================================================
DAG File Processing Stats

File Path                           PID    Runtime      # DAGs    # Errors  Last Runtime    Last Run
----------------------------------  -----  ---------  --------  ----------  --------------  -------------------
/opt/airflow/dags/influenza-ETL.py                           1           0  0.19s           2025-02-04T15:39:06
================================================================================
[2025-02-04 15:39:55,691] {manager.py:809} INFO - 
================================================================================
DAG File Processing Stats

File Path                           PID    Runtime      # DAGs    # Errors  Last Runtime    Last Run
----------------------------------  -----  ---------  --------  ----------  --------------  -------------------
/opt/airflow/dags/influenza-ETL.py                           1           0  0.15s           2025-02-04T15:39:36
================================================================================
[2025-02-04 15:40:25,916] {manager.py:809} INFO - 
================================================================================
DAG File Processing Stats

File Path                           PID    Runtime      # DAGs    # Errors  Last Runtime    Last Run
----------------------------------  -----  ---------  --------  ----------  --------------  -------------------
/opt/airflow/dags/influenza-ETL.py                           1           0  0.19s           2025-02-04T15:40:06
================================================================================
[2025-02-04 15:40:56,269] {manager.py:809} INFO - 
================================================================================
DAG File Processing Stats

File Path                           PID    Runtime      # DAGs    # Errors  Last Runtime    Last Run
----------------------------------  -----  ---------  --------  ----------  --------------  -------------------
/opt/airflow/dags/influenza-ETL.py                           1           0  0.18s           2025-02-04T15:40:37
================================================================================
[2025-02-04 15:41:26,506] {manager.py:809} INFO - 
================================================================================
DAG File Processing Stats

File Path                           PID    Runtime      # DAGs    # Errors  Last Runtime    Last Run
----------------------------------  -----  ---------  --------  ----------  --------------  -------------------
/opt/airflow/dags/influenza-ETL.py                           1           0  0.18s           2025-02-04T15:41:07
================================================================================
[2025-02-04 15:41:56,762] {manager.py:809} INFO - 
================================================================================
DAG File Processing Stats

File Path                           PID    Runtime      # DAGs    # Errors  Last Runtime    Last Run
----------------------------------  -----  ---------  --------  ----------  --------------  -------------------
/opt/airflow/dags/influenza-ETL.py                           1           0  0.21s           2025-02-04T15:41:37
================================================================================
[2025-02-04 15:42:10,982] {manager.py:690} INFO - Searching for files in /opt/airflow/dags
[2025-02-04 15:42:10,989] {manager.py:693} INFO - There are 1 files in /opt/airflow/dags
[2025-02-04 15:42:27,133] {manager.py:809} INFO - 
================================================================================
DAG File Processing Stats

File Path                           PID    Runtime      # DAGs    # Errors  Last Runtime    Last Run
----------------------------------  -----  ---------  --------  ----------  --------------  -------------------
/opt/airflow/dags/influenza-ETL.py                           1           0  0.19s           2025-02-04T15:42:08
================================================================================
[2025-02-04 15:42:57,340] {manager.py:809} INFO - 
================================================================================
DAG File Processing Stats

File Path                           PID    Runtime      # DAGs    # Errors  Last Runtime    Last Run
----------------------------------  -----  ---------  --------  ----------  --------------  -------------------
/opt/airflow/dags/influenza-ETL.py                           1           0  0.23s           2025-02-04T15:42:38
================================================================================
[2025-02-04 15:53:35,787] {manager.py:690} INFO - Searching for files in /opt/airflow/dags
[2025-02-04 15:53:35,790] {manager.py:693} INFO - There are 1 files in /opt/airflow/dags
[2025-02-04 15:54:00,071] {manager.py:809} INFO - 
================================================================================
DAG File Processing Stats

File Path                           PID    Runtime      # DAGs    # Errors  Last Runtime    Last Run
----------------------------------  -----  ---------  --------  ----------  --------------  -------------------
/opt/airflow/dags/influenza-ETL.py                           1           0  0.32s           2025-02-04T15:53:36
================================================================================
[2025-02-04 15:54:30,404] {manager.py:809} INFO - 
================================================================================
DAG File Processing Stats

File Path                           PID    Runtime      # DAGs    # Errors  Last Runtime    Last Run
----------------------------------  -----  ---------  --------  ----------  --------------  -------------------
/opt/airflow/dags/influenza-ETL.py                           1           0  0.23s           2025-02-04T15:54:06
================================================================================
[2025-02-04 15:55:00,707] {manager.py:809} INFO - 
================================================================================
DAG File Processing Stats

File Path                           PID    Runtime      # DAGs    # Errors  Last Runtime    Last Run
----------------------------------  -----  ---------  --------  ----------  --------------  -------------------
/opt/airflow/dags/influenza-ETL.py                           1           0  0.18s           2025-02-04T15:54:36
================================================================================
[2025-02-04 15:55:31,078] {manager.py:809} INFO - 
================================================================================
DAG File Processing Stats

File Path                           PID    Runtime      # DAGs    # Errors  Last Runtime    Last Run
----------------------------------  -----  ---------  --------  ----------  --------------  -------------------
/opt/airflow/dags/influenza-ETL.py                           1           0  0.24s           2025-02-04T15:55:07
================================================================================
[2025-02-04 15:56:01,437] {manager.py:809} INFO - 
================================================================================
DAG File Processing Stats

File Path                           PID    Runtime      # DAGs    # Errors  Last Runtime    Last Run
----------------------------------  -----  ---------  --------  ----------  --------------  -------------------
/opt/airflow/dags/influenza-ETL.py                           1           0  0.19s           2025-02-04T15:55:37
================================================================================
[2025-02-04 15:56:31,753] {manager.py:809} INFO - 
================================================================================
DAG File Processing Stats

File Path                           PID    Runtime      # DAGs    # Errors  Last Runtime    Last Run
----------------------------------  -----  ---------  --------  ----------  --------------  -------------------
/opt/airflow/dags/influenza-ETL.py                           1           0  0.19s           2025-02-04T15:56:07
================================================================================
[2025-02-04 15:57:02,095] {manager.py:809} INFO - 
================================================================================
DAG File Processing Stats

File Path                           PID    Runtime      # DAGs    # Errors  Last Runtime    Last Run
----------------------------------  -----  ---------  --------  ----------  --------------  -------------------
/opt/airflow/dags/influenza-ETL.py                           1           0  0.21s           2025-02-04T15:56:38
================================================================================
[2025-02-04 15:57:32,460] {manager.py:809} INFO - 
================================================================================
DAG File Processing Stats

File Path                           PID    Runtime      # DAGs    # Errors  Last Runtime    Last Run
----------------------------------  -----  ---------  --------  ----------  --------------  -------------------
/opt/airflow/dags/influenza-ETL.py                           1           0  0.27s           2025-02-04T15:57:08
================================================================================
[2025-02-04 15:58:02,844] {manager.py:809} INFO - 
================================================================================
DAG File Processing Stats

File Path                           PID    Runtime      # DAGs    # Errors  Last Runtime    Last Run
----------------------------------  -----  ---------  --------  ----------  --------------  -------------------
/opt/airflow/dags/influenza-ETL.py                           1           0  0.21s           2025-02-04T15:57:38
================================================================================
[2025-02-04 15:58:33,218] {manager.py:809} INFO - 
================================================================================
DAG File Processing Stats

File Path                           PID    Runtime      # DAGs    # Errors  Last Runtime    Last Run
----------------------------------  -----  ---------  --------  ----------  --------------  -------------------
/opt/airflow/dags/influenza-ETL.py                           1           0  0.19s           2025-02-04T15:58:09
================================================================================
[2025-02-04 15:58:36,242] {manager.py:690} INFO - Searching for files in /opt/airflow/dags
[2025-02-04 15:58:36,244] {manager.py:693} INFO - There are 1 files in /opt/airflow/dags
[2025-02-04 15:59:03,511] {manager.py:809} INFO - 
================================================================================
DAG File Processing Stats

File Path                           PID    Runtime      # DAGs    # Errors  Last Runtime    Last Run
----------------------------------  -----  ---------  --------  ----------  --------------  -------------------
/opt/airflow/dags/influenza-ETL.py                           1           0  0.24s           2025-02-04T15:58:39
================================================================================
[2025-02-04 15:59:33,751] {manager.py:809} INFO - 
================================================================================
DAG File Processing Stats

File Path                           PID    Runtime      # DAGs    # Errors  Last Runtime    Last Run
----------------------------------  -----  ---------  --------  ----------  --------------  -------------------
/opt/airflow/dags/influenza-ETL.py                           1           0  0.33s           2025-02-04T15:59:09
================================================================================
[2025-02-04 16:00:04,123] {manager.py:809} INFO - 
================================================================================
DAG File Processing Stats

File Path                           PID    Runtime      # DAGs    # Errors  Last Runtime    Last Run
----------------------------------  -----  ---------  --------  ----------  --------------  -------------------
/opt/airflow/dags/influenza-ETL.py                           1           0  0.21s           2025-02-04T15:59:40
================================================================================
[2025-02-04 16:00:34,476] {manager.py:809} INFO - 
================================================================================
DAG File Processing Stats

File Path                           PID    Runtime      # DAGs    # Errors  Last Runtime    Last Run
----------------------------------  -----  ---------  --------  ----------  --------------  -------------------
/opt/airflow/dags/influenza-ETL.py                           1           0  0.26s           2025-02-04T16:00:10
================================================================================
[2025-02-04 16:01:04,845] {manager.py:809} INFO - 
================================================================================
DAG File Processing Stats

File Path                           PID    Runtime      # DAGs    # Errors  Last Runtime    Last Run
----------------------------------  -----  ---------  --------  ----------  --------------  -------------------
/opt/airflow/dags/influenza-ETL.py                           1           0  0.19s           2025-02-04T16:00:40
================================================================================
[2025-02-04 16:01:35,172] {manager.py:809} INFO - 
================================================================================
DAG File Processing Stats

File Path                           PID    Runtime      # DAGs    # Errors  Last Runtime    Last Run
----------------------------------  -----  ---------  --------  ----------  --------------  -------------------
/opt/airflow/dags/influenza-ETL.py                           1           0  0.21s           2025-02-04T16:01:11
================================================================================
[2025-02-04 16:02:05,557] {manager.py:809} INFO - 
================================================================================
DAG File Processing Stats

File Path                           PID    Runtime      # DAGs    # Errors  Last Runtime    Last Run
----------------------------------  -----  ---------  --------  ----------  --------------  -------------------
/opt/airflow/dags/influenza-ETL.py                           1           0  0.18s           2025-02-04T16:01:41
================================================================================
