[2025-02-04 15:12:08,891] {processor.py:153} INFO - Started process (PID=38) to work on /opt/airflow/dags/influenza-ETL.py
[2025-02-04 15:12:08,892] {processor.py:641} INFO - Processing file /opt/airflow/dags/influenza-ETL.py for tasks to queue
[2025-02-04 15:12:08,892] {logging_mixin.py:115} INFO - [2025-02-04 15:12:08,892] {dagbag.py:507} INFO - Filling up the DagBag from /opt/airflow/dags/influenza-ETL.py
[2025-02-04 15:12:09,372] {processor.py:651} INFO - DAG(s) dict_keys(['grippe_etl_pipeline']) retrieved from /opt/airflow/dags/influenza-ETL.py
[2025-02-04 15:12:09,412] {logging_mixin.py:115} INFO - [2025-02-04 15:12:09,412] {manager.py:508} INFO - Created Permission View: can delete on DAG:grippe_etl_pipeline
[2025-02-04 15:12:09,416] {logging_mixin.py:115} INFO - [2025-02-04 15:12:09,416] {manager.py:508} INFO - Created Permission View: can read on DAG:grippe_etl_pipeline
[2025-02-04 15:12:09,419] {logging_mixin.py:115} INFO - [2025-02-04 15:12:09,419] {manager.py:508} INFO - Created Permission View: can edit on DAG:grippe_etl_pipeline
[2025-02-04 15:12:09,419] {logging_mixin.py:115} INFO - [2025-02-04 15:12:09,419] {dag.py:2379} INFO - Sync 1 DAGs
[2025-02-04 15:12:09,422] {logging_mixin.py:115} INFO - [2025-02-04 15:12:09,422] {dag.py:2398} INFO - Creating ORM DAG for grippe_etl_pipeline
[2025-02-04 15:12:09,428] {logging_mixin.py:115} INFO - [2025-02-04 15:12:09,428] {dag.py:2931} INFO - Setting next_dagrun for grippe_etl_pipeline to 2024-02-04T00:00:00+00:00, run_after=2024-02-05T00:00:00+00:00
[2025-02-04 15:12:09,432] {processor.py:161} INFO - Processing /opt/airflow/dags/influenza-ETL.py took 0.542 seconds
[2025-02-04 15:12:39,567] {processor.py:153} INFO - Started process (PID=67) to work on /opt/airflow/dags/influenza-ETL.py
[2025-02-04 15:12:39,567] {processor.py:641} INFO - Processing file /opt/airflow/dags/influenza-ETL.py for tasks to queue
[2025-02-04 15:12:39,568] {logging_mixin.py:115} INFO - [2025-02-04 15:12:39,568] {dagbag.py:507} INFO - Filling up the DagBag from /opt/airflow/dags/influenza-ETL.py
[2025-02-04 15:12:39,852] {processor.py:651} INFO - DAG(s) dict_keys(['grippe_etl_pipeline']) retrieved from /opt/airflow/dags/influenza-ETL.py
[2025-02-04 15:12:39,860] {logging_mixin.py:115} INFO - [2025-02-04 15:12:39,860] {dag.py:2379} INFO - Sync 1 DAGs
[2025-02-04 15:12:39,869] {logging_mixin.py:115} INFO - [2025-02-04 15:12:39,868] {dag.py:2931} INFO - Setting next_dagrun for grippe_etl_pipeline to 2024-02-04T00:00:00+00:00, run_after=2024-02-05T00:00:00+00:00
[2025-02-04 15:12:39,872] {processor.py:161} INFO - Processing /opt/airflow/dags/influenza-ETL.py took 0.310 seconds
[2025-02-04 15:13:10,017] {processor.py:153} INFO - Started process (PID=96) to work on /opt/airflow/dags/influenza-ETL.py
[2025-02-04 15:13:10,018] {processor.py:641} INFO - Processing file /opt/airflow/dags/influenza-ETL.py for tasks to queue
[2025-02-04 15:13:10,019] {logging_mixin.py:115} INFO - [2025-02-04 15:13:10,019] {dagbag.py:507} INFO - Filling up the DagBag from /opt/airflow/dags/influenza-ETL.py
[2025-02-04 15:13:10,191] {processor.py:651} INFO - DAG(s) dict_keys(['grippe_etl_pipeline']) retrieved from /opt/airflow/dags/influenza-ETL.py
[2025-02-04 15:13:10,198] {logging_mixin.py:115} INFO - [2025-02-04 15:13:10,198] {dag.py:2379} INFO - Sync 1 DAGs
[2025-02-04 15:13:10,205] {logging_mixin.py:115} INFO - [2025-02-04 15:13:10,205] {dag.py:2931} INFO - Setting next_dagrun for grippe_etl_pipeline to 2024-02-04T00:00:00+00:00, run_after=2024-02-05T00:00:00+00:00
[2025-02-04 15:13:10,208] {processor.py:161} INFO - Processing /opt/airflow/dags/influenza-ETL.py took 0.194 seconds
[2025-02-04 15:13:40,319] {processor.py:153} INFO - Started process (PID=124) to work on /opt/airflow/dags/influenza-ETL.py
[2025-02-04 15:13:40,320] {processor.py:641} INFO - Processing file /opt/airflow/dags/influenza-ETL.py for tasks to queue
[2025-02-04 15:13:40,320] {logging_mixin.py:115} INFO - [2025-02-04 15:13:40,320] {dagbag.py:507} INFO - Filling up the DagBag from /opt/airflow/dags/influenza-ETL.py
[2025-02-04 15:13:40,460] {processor.py:651} INFO - DAG(s) dict_keys(['grippe_etl_pipeline']) retrieved from /opt/airflow/dags/influenza-ETL.py
[2025-02-04 15:13:40,469] {logging_mixin.py:115} INFO - [2025-02-04 15:13:40,469] {dag.py:2379} INFO - Sync 1 DAGs
[2025-02-04 15:13:40,477] {logging_mixin.py:115} INFO - [2025-02-04 15:13:40,477] {dag.py:2931} INFO - Setting next_dagrun for grippe_etl_pipeline to 2024-02-04T00:00:00+00:00, run_after=2024-02-05T00:00:00+00:00
[2025-02-04 15:13:40,481] {processor.py:161} INFO - Processing /opt/airflow/dags/influenza-ETL.py took 0.163 seconds
[2025-02-04 15:14:10,607] {processor.py:153} INFO - Started process (PID=145) to work on /opt/airflow/dags/influenza-ETL.py
[2025-02-04 15:14:10,608] {processor.py:641} INFO - Processing file /opt/airflow/dags/influenza-ETL.py for tasks to queue
[2025-02-04 15:14:10,608] {logging_mixin.py:115} INFO - [2025-02-04 15:14:10,608] {dagbag.py:507} INFO - Filling up the DagBag from /opt/airflow/dags/influenza-ETL.py
[2025-02-04 15:14:10,789] {processor.py:651} INFO - DAG(s) dict_keys(['grippe_etl_pipeline']) retrieved from /opt/airflow/dags/influenza-ETL.py
[2025-02-04 15:14:10,797] {logging_mixin.py:115} INFO - [2025-02-04 15:14:10,797] {dag.py:2379} INFO - Sync 1 DAGs
[2025-02-04 15:14:10,804] {logging_mixin.py:115} INFO - [2025-02-04 15:14:10,804] {dag.py:2931} INFO - Setting next_dagrun for grippe_etl_pipeline to 2024-02-04T00:00:00+00:00, run_after=2024-02-05T00:00:00+00:00
[2025-02-04 15:14:10,807] {processor.py:161} INFO - Processing /opt/airflow/dags/influenza-ETL.py took 0.204 seconds
[2025-02-04 15:14:40,934] {processor.py:153} INFO - Started process (PID=178) to work on /opt/airflow/dags/influenza-ETL.py
[2025-02-04 15:14:40,934] {processor.py:641} INFO - Processing file /opt/airflow/dags/influenza-ETL.py for tasks to queue
[2025-02-04 15:14:40,935] {logging_mixin.py:115} INFO - [2025-02-04 15:14:40,935] {dagbag.py:507} INFO - Filling up the DagBag from /opt/airflow/dags/influenza-ETL.py
[2025-02-04 15:14:41,128] {processor.py:651} INFO - DAG(s) dict_keys(['grippe_etl_pipeline']) retrieved from /opt/airflow/dags/influenza-ETL.py
[2025-02-04 15:14:41,135] {logging_mixin.py:115} INFO - [2025-02-04 15:14:41,135] {dag.py:2379} INFO - Sync 1 DAGs
[2025-02-04 15:14:41,143] {logging_mixin.py:115} INFO - [2025-02-04 15:14:41,143] {dag.py:2931} INFO - Setting next_dagrun for grippe_etl_pipeline to 2024-02-19T00:00:00+00:00, run_after=2024-02-20T00:00:00+00:00
[2025-02-04 15:14:41,146] {processor.py:161} INFO - Processing /opt/airflow/dags/influenza-ETL.py took 0.217 seconds
[2025-02-04 15:15:11,273] {processor.py:153} INFO - Started process (PID=207) to work on /opt/airflow/dags/influenza-ETL.py
[2025-02-04 15:15:11,273] {processor.py:641} INFO - Processing file /opt/airflow/dags/influenza-ETL.py for tasks to queue
[2025-02-04 15:15:11,274] {logging_mixin.py:115} INFO - [2025-02-04 15:15:11,274] {dagbag.py:507} INFO - Filling up the DagBag from /opt/airflow/dags/influenza-ETL.py
[2025-02-04 15:15:11,492] {processor.py:651} INFO - DAG(s) dict_keys(['grippe_etl_pipeline']) retrieved from /opt/airflow/dags/influenza-ETL.py
[2025-02-04 15:15:11,502] {logging_mixin.py:115} INFO - [2025-02-04 15:15:11,501] {dag.py:2379} INFO - Sync 1 DAGs
[2025-02-04 15:15:11,511] {logging_mixin.py:115} INFO - [2025-02-04 15:15:11,511] {dag.py:2931} INFO - Setting next_dagrun for grippe_etl_pipeline to 2024-04-22T00:00:00+00:00, run_after=2024-04-23T00:00:00+00:00
[2025-02-04 15:15:11,516] {processor.py:161} INFO - Processing /opt/airflow/dags/influenza-ETL.py took 0.247 seconds
[2025-02-04 15:15:41,618] {processor.py:153} INFO - Started process (PID=236) to work on /opt/airflow/dags/influenza-ETL.py
[2025-02-04 15:15:41,618] {processor.py:641} INFO - Processing file /opt/airflow/dags/influenza-ETL.py for tasks to queue
[2025-02-04 15:15:41,618] {logging_mixin.py:115} INFO - [2025-02-04 15:15:41,618] {dagbag.py:507} INFO - Filling up the DagBag from /opt/airflow/dags/influenza-ETL.py
[2025-02-04 15:15:41,771] {processor.py:651} INFO - DAG(s) dict_keys(['grippe_etl_pipeline']) retrieved from /opt/airflow/dags/influenza-ETL.py
[2025-02-04 15:15:41,777] {logging_mixin.py:115} INFO - [2025-02-04 15:15:41,777] {dag.py:2379} INFO - Sync 1 DAGs
[2025-02-04 15:15:41,786] {logging_mixin.py:115} INFO - [2025-02-04 15:15:41,786] {dag.py:2931} INFO - Setting next_dagrun for grippe_etl_pipeline to 2024-06-11T00:00:00+00:00, run_after=2024-06-12T00:00:00+00:00
[2025-02-04 15:15:41,790] {processor.py:161} INFO - Processing /opt/airflow/dags/influenza-ETL.py took 0.174 seconds
[2025-02-04 15:16:11,874] {processor.py:153} INFO - Started process (PID=263) to work on /opt/airflow/dags/influenza-ETL.py
[2025-02-04 15:16:11,875] {processor.py:641} INFO - Processing file /opt/airflow/dags/influenza-ETL.py for tasks to queue
[2025-02-04 15:16:11,875] {logging_mixin.py:115} INFO - [2025-02-04 15:16:11,875] {dagbag.py:507} INFO - Filling up the DagBag from /opt/airflow/dags/influenza-ETL.py
[2025-02-04 15:16:12,040] {processor.py:651} INFO - DAG(s) dict_keys(['grippe_etl_pipeline']) retrieved from /opt/airflow/dags/influenza-ETL.py
[2025-02-04 15:16:12,047] {logging_mixin.py:115} INFO - [2025-02-04 15:16:12,047] {dag.py:2379} INFO - Sync 1 DAGs
[2025-02-04 15:16:12,053] {logging_mixin.py:115} INFO - [2025-02-04 15:16:12,053] {dag.py:2931} INFO - Setting next_dagrun for grippe_etl_pipeline to 2024-08-01T00:00:00+00:00, run_after=2024-08-02T00:00:00+00:00
[2025-02-04 15:16:12,056] {processor.py:161} INFO - Processing /opt/airflow/dags/influenza-ETL.py took 0.184 seconds
[2025-02-04 15:16:42,157] {processor.py:153} INFO - Started process (PID=291) to work on /opt/airflow/dags/influenza-ETL.py
[2025-02-04 15:16:42,158] {processor.py:641} INFO - Processing file /opt/airflow/dags/influenza-ETL.py for tasks to queue
[2025-02-04 15:16:42,158] {logging_mixin.py:115} INFO - [2025-02-04 15:16:42,158] {dagbag.py:507} INFO - Filling up the DagBag from /opt/airflow/dags/influenza-ETL.py
[2025-02-04 15:16:42,315] {processor.py:651} INFO - DAG(s) dict_keys(['grippe_etl_pipeline']) retrieved from /opt/airflow/dags/influenza-ETL.py
[2025-02-04 15:16:42,322] {logging_mixin.py:115} INFO - [2025-02-04 15:16:42,322] {dag.py:2379} INFO - Sync 1 DAGs
[2025-02-04 15:16:42,328] {logging_mixin.py:115} INFO - [2025-02-04 15:16:42,328] {dag.py:2931} INFO - Setting next_dagrun for grippe_etl_pipeline to 2024-09-16T00:00:00+00:00, run_after=2024-09-17T00:00:00+00:00
[2025-02-04 15:16:42,331] {processor.py:161} INFO - Processing /opt/airflow/dags/influenza-ETL.py took 0.178 seconds
[2025-02-04 15:17:12,422] {processor.py:153} INFO - Started process (PID=320) to work on /opt/airflow/dags/influenza-ETL.py
[2025-02-04 15:17:12,423] {processor.py:641} INFO - Processing file /opt/airflow/dags/influenza-ETL.py for tasks to queue
[2025-02-04 15:17:12,423] {logging_mixin.py:115} INFO - [2025-02-04 15:17:12,423] {dagbag.py:507} INFO - Filling up the DagBag from /opt/airflow/dags/influenza-ETL.py
[2025-02-04 15:17:12,595] {processor.py:651} INFO - DAG(s) dict_keys(['grippe_etl_pipeline']) retrieved from /opt/airflow/dags/influenza-ETL.py
[2025-02-04 15:17:12,602] {logging_mixin.py:115} INFO - [2025-02-04 15:17:12,602] {dag.py:2379} INFO - Sync 1 DAGs
[2025-02-04 15:17:12,610] {logging_mixin.py:115} INFO - [2025-02-04 15:17:12,610] {dag.py:2931} INFO - Setting next_dagrun for grippe_etl_pipeline to 2024-12-07T00:00:00+00:00, run_after=2024-12-08T00:00:00+00:00
[2025-02-04 15:17:12,615] {processor.py:161} INFO - Processing /opt/airflow/dags/influenza-ETL.py took 0.194 seconds
[2025-02-04 15:17:42,736] {processor.py:153} INFO - Started process (PID=340) to work on /opt/airflow/dags/influenza-ETL.py
[2025-02-04 15:17:42,737] {processor.py:641} INFO - Processing file /opt/airflow/dags/influenza-ETL.py for tasks to queue
[2025-02-04 15:17:42,738] {logging_mixin.py:115} INFO - [2025-02-04 15:17:42,738] {dagbag.py:507} INFO - Filling up the DagBag from /opt/airflow/dags/influenza-ETL.py
[2025-02-04 15:17:42,905] {processor.py:651} INFO - DAG(s) dict_keys(['grippe_etl_pipeline']) retrieved from /opt/airflow/dags/influenza-ETL.py
[2025-02-04 15:17:42,913] {logging_mixin.py:115} INFO - [2025-02-04 15:17:42,913] {dag.py:2379} INFO - Sync 1 DAGs
[2025-02-04 15:17:42,920] {logging_mixin.py:115} INFO - [2025-02-04 15:17:42,920] {dag.py:2931} INFO - Setting next_dagrun for grippe_etl_pipeline to 2025-01-02T00:00:00+00:00, run_after=2025-01-03T00:00:00+00:00
[2025-02-04 15:17:42,923] {processor.py:161} INFO - Processing /opt/airflow/dags/influenza-ETL.py took 0.191 seconds
[2025-02-04 15:18:13,042] {processor.py:153} INFO - Started process (PID=369) to work on /opt/airflow/dags/influenza-ETL.py
[2025-02-04 15:18:13,042] {processor.py:641} INFO - Processing file /opt/airflow/dags/influenza-ETL.py for tasks to queue
[2025-02-04 15:18:13,042] {logging_mixin.py:115} INFO - [2025-02-04 15:18:13,042] {dagbag.py:507} INFO - Filling up the DagBag from /opt/airflow/dags/influenza-ETL.py
[2025-02-04 15:18:13,212] {processor.py:651} INFO - DAG(s) dict_keys(['grippe_etl_pipeline']) retrieved from /opt/airflow/dags/influenza-ETL.py
[2025-02-04 15:18:13,218] {logging_mixin.py:115} INFO - [2025-02-04 15:18:13,218] {dag.py:2379} INFO - Sync 1 DAGs
[2025-02-04 15:18:13,225] {logging_mixin.py:115} INFO - [2025-02-04 15:18:13,225] {dag.py:2931} INFO - Setting next_dagrun for grippe_etl_pipeline to 2025-01-28T00:00:00+00:00, run_after=2025-01-29T00:00:00+00:00
[2025-02-04 15:18:13,228] {processor.py:161} INFO - Processing /opt/airflow/dags/influenza-ETL.py took 0.188 seconds
[2025-02-04 15:18:43,344] {processor.py:153} INFO - Started process (PID=398) to work on /opt/airflow/dags/influenza-ETL.py
[2025-02-04 15:18:43,345] {processor.py:641} INFO - Processing file /opt/airflow/dags/influenza-ETL.py for tasks to queue
[2025-02-04 15:18:43,345] {logging_mixin.py:115} INFO - [2025-02-04 15:18:43,345] {dagbag.py:507} INFO - Filling up the DagBag from /opt/airflow/dags/influenza-ETL.py
[2025-02-04 15:18:43,499] {processor.py:651} INFO - DAG(s) dict_keys(['grippe_etl_pipeline']) retrieved from /opt/airflow/dags/influenza-ETL.py
[2025-02-04 15:18:43,506] {logging_mixin.py:115} INFO - [2025-02-04 15:18:43,505] {dag.py:2379} INFO - Sync 1 DAGs
[2025-02-04 15:18:43,512] {logging_mixin.py:115} INFO - [2025-02-04 15:18:43,512] {dag.py:2931} INFO - Setting next_dagrun for grippe_etl_pipeline to 2025-02-04T00:00:00+00:00, run_after=2025-02-05T00:00:00+00:00
[2025-02-04 15:18:43,515] {processor.py:161} INFO - Processing /opt/airflow/dags/influenza-ETL.py took 0.175 seconds
[2025-02-04 15:19:13,647] {processor.py:153} INFO - Started process (PID=427) to work on /opt/airflow/dags/influenza-ETL.py
[2025-02-04 15:19:13,647] {processor.py:641} INFO - Processing file /opt/airflow/dags/influenza-ETL.py for tasks to queue
[2025-02-04 15:19:13,648] {logging_mixin.py:115} INFO - [2025-02-04 15:19:13,648] {dagbag.py:507} INFO - Filling up the DagBag from /opt/airflow/dags/influenza-ETL.py
[2025-02-04 15:19:13,818] {processor.py:651} INFO - DAG(s) dict_keys(['grippe_etl_pipeline']) retrieved from /opt/airflow/dags/influenza-ETL.py
[2025-02-04 15:19:13,825] {logging_mixin.py:115} INFO - [2025-02-04 15:19:13,824] {dag.py:2379} INFO - Sync 1 DAGs
[2025-02-04 15:19:13,831] {logging_mixin.py:115} INFO - [2025-02-04 15:19:13,831] {dag.py:2931} INFO - Setting next_dagrun for grippe_etl_pipeline to 2025-02-04T00:00:00+00:00, run_after=2025-02-05T00:00:00+00:00
[2025-02-04 15:19:13,835] {processor.py:161} INFO - Processing /opt/airflow/dags/influenza-ETL.py took 0.192 seconds
[2025-02-04 15:19:43,961] {processor.py:153} INFO - Started process (PID=456) to work on /opt/airflow/dags/influenza-ETL.py
[2025-02-04 15:19:43,961] {processor.py:641} INFO - Processing file /opt/airflow/dags/influenza-ETL.py for tasks to queue
[2025-02-04 15:19:43,962] {logging_mixin.py:115} INFO - [2025-02-04 15:19:43,962] {dagbag.py:507} INFO - Filling up the DagBag from /opt/airflow/dags/influenza-ETL.py
[2025-02-04 15:19:44,109] {processor.py:651} INFO - DAG(s) dict_keys(['grippe_etl_pipeline']) retrieved from /opt/airflow/dags/influenza-ETL.py
[2025-02-04 15:19:44,115] {logging_mixin.py:115} INFO - [2025-02-04 15:19:44,115] {dag.py:2379} INFO - Sync 1 DAGs
[2025-02-04 15:19:44,121] {logging_mixin.py:115} INFO - [2025-02-04 15:19:44,121] {dag.py:2931} INFO - Setting next_dagrun for grippe_etl_pipeline to 2025-02-04T00:00:00+00:00, run_after=2025-02-05T00:00:00+00:00
[2025-02-04 15:19:44,124] {processor.py:161} INFO - Processing /opt/airflow/dags/influenza-ETL.py took 0.166 seconds
[2025-02-04 15:20:14,245] {processor.py:153} INFO - Started process (PID=485) to work on /opt/airflow/dags/influenza-ETL.py
[2025-02-04 15:20:14,245] {processor.py:641} INFO - Processing file /opt/airflow/dags/influenza-ETL.py for tasks to queue
[2025-02-04 15:20:14,246] {logging_mixin.py:115} INFO - [2025-02-04 15:20:14,246] {dagbag.py:507} INFO - Filling up the DagBag from /opt/airflow/dags/influenza-ETL.py
[2025-02-04 15:20:14,386] {processor.py:651} INFO - DAG(s) dict_keys(['grippe_etl_pipeline']) retrieved from /opt/airflow/dags/influenza-ETL.py
[2025-02-04 15:20:14,392] {logging_mixin.py:115} INFO - [2025-02-04 15:20:14,392] {dag.py:2379} INFO - Sync 1 DAGs
[2025-02-04 15:20:14,398] {logging_mixin.py:115} INFO - [2025-02-04 15:20:14,398] {dag.py:2931} INFO - Setting next_dagrun for grippe_etl_pipeline to 2025-02-04T00:00:00+00:00, run_after=2025-02-05T00:00:00+00:00
[2025-02-04 15:20:14,401] {processor.py:161} INFO - Processing /opt/airflow/dags/influenza-ETL.py took 0.159 seconds
[2025-02-04 15:20:44,553] {processor.py:153} INFO - Started process (PID=514) to work on /opt/airflow/dags/influenza-ETL.py
[2025-02-04 15:20:44,554] {processor.py:641} INFO - Processing file /opt/airflow/dags/influenza-ETL.py for tasks to queue
[2025-02-04 15:20:44,555] {logging_mixin.py:115} INFO - [2025-02-04 15:20:44,555] {dagbag.py:507} INFO - Filling up the DagBag from /opt/airflow/dags/influenza-ETL.py
[2025-02-04 15:20:44,704] {processor.py:651} INFO - DAG(s) dict_keys(['grippe_etl_pipeline']) retrieved from /opt/airflow/dags/influenza-ETL.py
[2025-02-04 15:20:44,710] {logging_mixin.py:115} INFO - [2025-02-04 15:20:44,710] {dag.py:2379} INFO - Sync 1 DAGs
[2025-02-04 15:20:44,716] {logging_mixin.py:115} INFO - [2025-02-04 15:20:44,716] {dag.py:2931} INFO - Setting next_dagrun for grippe_etl_pipeline to 2025-02-04T00:00:00+00:00, run_after=2025-02-05T00:00:00+00:00
[2025-02-04 15:20:44,719] {processor.py:161} INFO - Processing /opt/airflow/dags/influenza-ETL.py took 0.170 seconds
[2025-02-04 15:21:14,850] {processor.py:153} INFO - Started process (PID=543) to work on /opt/airflow/dags/influenza-ETL.py
[2025-02-04 15:21:14,851] {processor.py:641} INFO - Processing file /opt/airflow/dags/influenza-ETL.py for tasks to queue
[2025-02-04 15:21:14,851] {logging_mixin.py:115} INFO - [2025-02-04 15:21:14,851] {dagbag.py:507} INFO - Filling up the DagBag from /opt/airflow/dags/influenza-ETL.py
[2025-02-04 15:21:15,013] {processor.py:651} INFO - DAG(s) dict_keys(['grippe_etl_pipeline']) retrieved from /opt/airflow/dags/influenza-ETL.py
[2025-02-04 15:21:15,019] {logging_mixin.py:115} INFO - [2025-02-04 15:21:15,018] {dag.py:2379} INFO - Sync 1 DAGs
[2025-02-04 15:21:15,025] {logging_mixin.py:115} INFO - [2025-02-04 15:21:15,025] {dag.py:2931} INFO - Setting next_dagrun for grippe_etl_pipeline to 2025-02-04T00:00:00+00:00, run_after=2025-02-05T00:00:00+00:00
[2025-02-04 15:21:15,028] {processor.py:161} INFO - Processing /opt/airflow/dags/influenza-ETL.py took 0.182 seconds
[2025-02-04 15:21:45,136] {processor.py:153} INFO - Started process (PID=570) to work on /opt/airflow/dags/influenza-ETL.py
[2025-02-04 15:21:45,136] {processor.py:641} INFO - Processing file /opt/airflow/dags/influenza-ETL.py for tasks to queue
[2025-02-04 15:21:45,137] {logging_mixin.py:115} INFO - [2025-02-04 15:21:45,137] {dagbag.py:507} INFO - Filling up the DagBag from /opt/airflow/dags/influenza-ETL.py
[2025-02-04 15:21:45,275] {processor.py:651} INFO - DAG(s) dict_keys(['grippe_etl_pipeline']) retrieved from /opt/airflow/dags/influenza-ETL.py
[2025-02-04 15:21:45,282] {logging_mixin.py:115} INFO - [2025-02-04 15:21:45,282] {dag.py:2379} INFO - Sync 1 DAGs
[2025-02-04 15:21:45,289] {logging_mixin.py:115} INFO - [2025-02-04 15:21:45,289] {dag.py:2931} INFO - Setting next_dagrun for grippe_etl_pipeline to 2025-02-04T00:00:00+00:00, run_after=2025-02-05T00:00:00+00:00
[2025-02-04 15:21:45,292] {processor.py:161} INFO - Processing /opt/airflow/dags/influenza-ETL.py took 0.158 seconds
[2025-02-04 15:21:56,182] {processor.py:153} INFO - Started process (PID=583) to work on /opt/airflow/dags/influenza-ETL.py
[2025-02-04 15:21:56,182] {processor.py:641} INFO - Processing file /opt/airflow/dags/influenza-ETL.py for tasks to queue
[2025-02-04 15:21:56,183] {logging_mixin.py:115} INFO - [2025-02-04 15:21:56,183] {dagbag.py:507} INFO - Filling up the DagBag from /opt/airflow/dags/influenza-ETL.py
[2025-02-04 15:21:56,313] {processor.py:651} INFO - DAG(s) dict_keys(['grippe_etl_pipeline']) retrieved from /opt/airflow/dags/influenza-ETL.py
[2025-02-04 15:21:56,319] {logging_mixin.py:115} INFO - [2025-02-04 15:21:56,319] {dag.py:2379} INFO - Sync 1 DAGs
[2025-02-04 15:21:56,326] {logging_mixin.py:115} INFO - [2025-02-04 15:21:56,325] {dag.py:2931} INFO - Setting next_dagrun for grippe_etl_pipeline to 2025-02-04T00:00:00+00:00, run_after=2025-02-05T00:00:00+00:00
[2025-02-04 15:21:56,329] {processor.py:161} INFO - Processing /opt/airflow/dags/influenza-ETL.py took 0.149 seconds
[2025-02-04 15:22:26,465] {processor.py:153} INFO - Started process (PID=603) to work on /opt/airflow/dags/influenza-ETL.py
[2025-02-04 15:22:26,466] {processor.py:641} INFO - Processing file /opt/airflow/dags/influenza-ETL.py for tasks to queue
[2025-02-04 15:22:26,466] {logging_mixin.py:115} INFO - [2025-02-04 15:22:26,466] {dagbag.py:507} INFO - Filling up the DagBag from /opt/airflow/dags/influenza-ETL.py
[2025-02-04 15:22:26,631] {processor.py:651} INFO - DAG(s) dict_keys(['grippe_etl_pipeline']) retrieved from /opt/airflow/dags/influenza-ETL.py
[2025-02-04 15:22:26,638] {logging_mixin.py:115} INFO - [2025-02-04 15:22:26,638] {dag.py:2379} INFO - Sync 1 DAGs
[2025-02-04 15:22:26,644] {logging_mixin.py:115} INFO - [2025-02-04 15:22:26,644] {dag.py:2931} INFO - Setting next_dagrun for grippe_etl_pipeline to 2025-02-04T00:00:00+00:00, run_after=2025-02-05T00:00:00+00:00
[2025-02-04 15:22:26,647] {processor.py:161} INFO - Processing /opt/airflow/dags/influenza-ETL.py took 0.186 seconds
[2025-02-04 15:22:56,758] {processor.py:153} INFO - Started process (PID=632) to work on /opt/airflow/dags/influenza-ETL.py
[2025-02-04 15:22:56,758] {processor.py:641} INFO - Processing file /opt/airflow/dags/influenza-ETL.py for tasks to queue
[2025-02-04 15:22:56,759] {logging_mixin.py:115} INFO - [2025-02-04 15:22:56,759] {dagbag.py:507} INFO - Filling up the DagBag from /opt/airflow/dags/influenza-ETL.py
[2025-02-04 15:22:56,915] {processor.py:651} INFO - DAG(s) dict_keys(['grippe_etl_pipeline']) retrieved from /opt/airflow/dags/influenza-ETL.py
[2025-02-04 15:22:56,922] {logging_mixin.py:115} INFO - [2025-02-04 15:22:56,922] {dag.py:2379} INFO - Sync 1 DAGs
[2025-02-04 15:22:56,929] {logging_mixin.py:115} INFO - [2025-02-04 15:22:56,929] {dag.py:2931} INFO - Setting next_dagrun for grippe_etl_pipeline to 2025-02-04T00:00:00+00:00, run_after=2025-02-05T00:00:00+00:00
[2025-02-04 15:22:56,932] {processor.py:161} INFO - Processing /opt/airflow/dags/influenza-ETL.py took 0.177 seconds
[2025-02-04 15:23:27,046] {processor.py:153} INFO - Started process (PID=659) to work on /opt/airflow/dags/influenza-ETL.py
[2025-02-04 15:23:27,047] {processor.py:641} INFO - Processing file /opt/airflow/dags/influenza-ETL.py for tasks to queue
[2025-02-04 15:23:27,048] {logging_mixin.py:115} INFO - [2025-02-04 15:23:27,048] {dagbag.py:507} INFO - Filling up the DagBag from /opt/airflow/dags/influenza-ETL.py
[2025-02-04 15:23:27,211] {processor.py:651} INFO - DAG(s) dict_keys(['grippe_etl_pipeline']) retrieved from /opt/airflow/dags/influenza-ETL.py
[2025-02-04 15:23:27,217] {logging_mixin.py:115} INFO - [2025-02-04 15:23:27,217] {dag.py:2379} INFO - Sync 1 DAGs
[2025-02-04 15:23:27,223] {logging_mixin.py:115} INFO - [2025-02-04 15:23:27,223] {dag.py:2931} INFO - Setting next_dagrun for grippe_etl_pipeline to 2025-02-04T00:00:00+00:00, run_after=2025-02-05T00:00:00+00:00
[2025-02-04 15:23:27,226] {processor.py:161} INFO - Processing /opt/airflow/dags/influenza-ETL.py took 0.184 seconds
[2025-02-04 15:23:57,340] {processor.py:153} INFO - Started process (PID=687) to work on /opt/airflow/dags/influenza-ETL.py
[2025-02-04 15:23:57,341] {processor.py:641} INFO - Processing file /opt/airflow/dags/influenza-ETL.py for tasks to queue
[2025-02-04 15:23:57,341] {logging_mixin.py:115} INFO - [2025-02-04 15:23:57,341] {dagbag.py:507} INFO - Filling up the DagBag from /opt/airflow/dags/influenza-ETL.py
[2025-02-04 15:23:57,498] {processor.py:651} INFO - DAG(s) dict_keys(['grippe_etl_pipeline']) retrieved from /opt/airflow/dags/influenza-ETL.py
[2025-02-04 15:23:57,505] {logging_mixin.py:115} INFO - [2025-02-04 15:23:57,504] {dag.py:2379} INFO - Sync 1 DAGs
[2025-02-04 15:23:57,511] {logging_mixin.py:115} INFO - [2025-02-04 15:23:57,511] {dag.py:2931} INFO - Setting next_dagrun for grippe_etl_pipeline to 2025-02-04T00:00:00+00:00, run_after=2025-02-05T00:00:00+00:00
[2025-02-04 15:23:57,514] {processor.py:161} INFO - Processing /opt/airflow/dags/influenza-ETL.py took 0.178 seconds
[2025-02-04 15:24:27,637] {processor.py:153} INFO - Started process (PID=716) to work on /opt/airflow/dags/influenza-ETL.py
[2025-02-04 15:24:27,638] {processor.py:641} INFO - Processing file /opt/airflow/dags/influenza-ETL.py for tasks to queue
[2025-02-04 15:24:27,639] {logging_mixin.py:115} INFO - [2025-02-04 15:24:27,639] {dagbag.py:507} INFO - Filling up the DagBag from /opt/airflow/dags/influenza-ETL.py
[2025-02-04 15:24:27,815] {processor.py:651} INFO - DAG(s) dict_keys(['grippe_etl_pipeline']) retrieved from /opt/airflow/dags/influenza-ETL.py
[2025-02-04 15:24:27,821] {logging_mixin.py:115} INFO - [2025-02-04 15:24:27,821] {dag.py:2379} INFO - Sync 1 DAGs
[2025-02-04 15:24:27,828] {logging_mixin.py:115} INFO - [2025-02-04 15:24:27,828] {dag.py:2931} INFO - Setting next_dagrun for grippe_etl_pipeline to 2025-02-04T00:00:00+00:00, run_after=2025-02-05T00:00:00+00:00
[2025-02-04 15:24:27,831] {processor.py:161} INFO - Processing /opt/airflow/dags/influenza-ETL.py took 0.200 seconds
[2025-02-04 15:24:57,977] {processor.py:153} INFO - Started process (PID=745) to work on /opt/airflow/dags/influenza-ETL.py
[2025-02-04 15:24:57,977] {processor.py:641} INFO - Processing file /opt/airflow/dags/influenza-ETL.py for tasks to queue
[2025-02-04 15:24:57,978] {logging_mixin.py:115} INFO - [2025-02-04 15:24:57,978] {dagbag.py:507} INFO - Filling up the DagBag from /opt/airflow/dags/influenza-ETL.py
[2025-02-04 15:24:58,149] {processor.py:651} INFO - DAG(s) dict_keys(['grippe_etl_pipeline']) retrieved from /opt/airflow/dags/influenza-ETL.py
[2025-02-04 15:24:58,156] {logging_mixin.py:115} INFO - [2025-02-04 15:24:58,155] {dag.py:2379} INFO - Sync 1 DAGs
[2025-02-04 15:24:58,162] {logging_mixin.py:115} INFO - [2025-02-04 15:24:58,162] {dag.py:2931} INFO - Setting next_dagrun for grippe_etl_pipeline to 2025-02-04T00:00:00+00:00, run_after=2025-02-05T00:00:00+00:00
[2025-02-04 15:24:58,165] {processor.py:161} INFO - Processing /opt/airflow/dags/influenza-ETL.py took 0.193 seconds
[2025-02-04 15:25:28,296] {processor.py:153} INFO - Started process (PID=774) to work on /opt/airflow/dags/influenza-ETL.py
[2025-02-04 15:25:28,297] {processor.py:641} INFO - Processing file /opt/airflow/dags/influenza-ETL.py for tasks to queue
[2025-02-04 15:25:28,297] {logging_mixin.py:115} INFO - [2025-02-04 15:25:28,297] {dagbag.py:507} INFO - Filling up the DagBag from /opt/airflow/dags/influenza-ETL.py
[2025-02-04 15:25:28,458] {processor.py:651} INFO - DAG(s) dict_keys(['grippe_etl_pipeline']) retrieved from /opt/airflow/dags/influenza-ETL.py
[2025-02-04 15:25:28,464] {logging_mixin.py:115} INFO - [2025-02-04 15:25:28,464] {dag.py:2379} INFO - Sync 1 DAGs
[2025-02-04 15:25:28,471] {logging_mixin.py:115} INFO - [2025-02-04 15:25:28,471] {dag.py:2931} INFO - Setting next_dagrun for grippe_etl_pipeline to 2025-02-04T00:00:00+00:00, run_after=2025-02-05T00:00:00+00:00
[2025-02-04 15:25:28,474] {processor.py:161} INFO - Processing /opt/airflow/dags/influenza-ETL.py took 0.182 seconds
[2025-02-04 15:25:58,594] {processor.py:153} INFO - Started process (PID=802) to work on /opt/airflow/dags/influenza-ETL.py
[2025-02-04 15:25:58,595] {processor.py:641} INFO - Processing file /opt/airflow/dags/influenza-ETL.py for tasks to queue
[2025-02-04 15:25:58,596] {logging_mixin.py:115} INFO - [2025-02-04 15:25:58,596] {dagbag.py:507} INFO - Filling up the DagBag from /opt/airflow/dags/influenza-ETL.py
[2025-02-04 15:25:58,760] {processor.py:651} INFO - DAG(s) dict_keys(['grippe_etl_pipeline']) retrieved from /opt/airflow/dags/influenza-ETL.py
[2025-02-04 15:25:58,766] {logging_mixin.py:115} INFO - [2025-02-04 15:25:58,766] {dag.py:2379} INFO - Sync 1 DAGs
[2025-02-04 15:25:58,772] {logging_mixin.py:115} INFO - [2025-02-04 15:25:58,772] {dag.py:2931} INFO - Setting next_dagrun for grippe_etl_pipeline to 2025-02-04T00:00:00+00:00, run_after=2025-02-05T00:00:00+00:00
[2025-02-04 15:25:58,775] {processor.py:161} INFO - Processing /opt/airflow/dags/influenza-ETL.py took 0.184 seconds
[2025-02-04 15:26:28,928] {processor.py:153} INFO - Started process (PID=822) to work on /opt/airflow/dags/influenza-ETL.py
[2025-02-04 15:26:28,929] {processor.py:641} INFO - Processing file /opt/airflow/dags/influenza-ETL.py for tasks to queue
[2025-02-04 15:26:28,929] {logging_mixin.py:115} INFO - [2025-02-04 15:26:28,929] {dagbag.py:507} INFO - Filling up the DagBag from /opt/airflow/dags/influenza-ETL.py
[2025-02-04 15:26:29,120] {processor.py:651} INFO - DAG(s) dict_keys(['grippe_etl_pipeline']) retrieved from /opt/airflow/dags/influenza-ETL.py
[2025-02-04 15:26:29,128] {logging_mixin.py:115} INFO - [2025-02-04 15:26:29,128] {dag.py:2379} INFO - Sync 1 DAGs
[2025-02-04 15:26:29,136] {logging_mixin.py:115} INFO - [2025-02-04 15:26:29,135] {dag.py:2931} INFO - Setting next_dagrun for grippe_etl_pipeline to 2025-02-04T00:00:00+00:00, run_after=2025-02-05T00:00:00+00:00
[2025-02-04 15:26:29,139] {processor.py:161} INFO - Processing /opt/airflow/dags/influenza-ETL.py took 0.215 seconds
[2025-02-04 15:26:59,306] {processor.py:153} INFO - Started process (PID=851) to work on /opt/airflow/dags/influenza-ETL.py
[2025-02-04 15:26:59,307] {processor.py:641} INFO - Processing file /opt/airflow/dags/influenza-ETL.py for tasks to queue
[2025-02-04 15:26:59,308] {logging_mixin.py:115} INFO - [2025-02-04 15:26:59,308] {dagbag.py:507} INFO - Filling up the DagBag from /opt/airflow/dags/influenza-ETL.py
[2025-02-04 15:26:59,469] {processor.py:651} INFO - DAG(s) dict_keys(['grippe_etl_pipeline']) retrieved from /opt/airflow/dags/influenza-ETL.py
[2025-02-04 15:26:59,476] {logging_mixin.py:115} INFO - [2025-02-04 15:26:59,475] {dag.py:2379} INFO - Sync 1 DAGs
[2025-02-04 15:26:59,482] {logging_mixin.py:115} INFO - [2025-02-04 15:26:59,482] {dag.py:2931} INFO - Setting next_dagrun for grippe_etl_pipeline to 2025-02-04T00:00:00+00:00, run_after=2025-02-05T00:00:00+00:00
[2025-02-04 15:26:59,485] {processor.py:161} INFO - Processing /opt/airflow/dags/influenza-ETL.py took 0.183 seconds
[2025-02-04 15:27:29,635] {processor.py:153} INFO - Started process (PID=880) to work on /opt/airflow/dags/influenza-ETL.py
[2025-02-04 15:27:29,636] {processor.py:641} INFO - Processing file /opt/airflow/dags/influenza-ETL.py for tasks to queue
[2025-02-04 15:27:29,636] {logging_mixin.py:115} INFO - [2025-02-04 15:27:29,636] {dagbag.py:507} INFO - Filling up the DagBag from /opt/airflow/dags/influenza-ETL.py
[2025-02-04 15:27:29,756] {processor.py:651} INFO - DAG(s) dict_keys(['grippe_etl_pipeline']) retrieved from /opt/airflow/dags/influenza-ETL.py
[2025-02-04 15:27:29,762] {logging_mixin.py:115} INFO - [2025-02-04 15:27:29,762] {dag.py:2379} INFO - Sync 1 DAGs
[2025-02-04 15:27:29,769] {logging_mixin.py:115} INFO - [2025-02-04 15:27:29,769] {dag.py:2931} INFO - Setting next_dagrun for grippe_etl_pipeline to 2025-02-04T00:00:00+00:00, run_after=2025-02-05T00:00:00+00:00
[2025-02-04 15:27:29,771] {processor.py:161} INFO - Processing /opt/airflow/dags/influenza-ETL.py took 0.138 seconds
[2025-02-04 15:27:59,792] {processor.py:153} INFO - Started process (PID=908) to work on /opt/airflow/dags/influenza-ETL.py
[2025-02-04 15:27:59,793] {processor.py:641} INFO - Processing file /opt/airflow/dags/influenza-ETL.py for tasks to queue
[2025-02-04 15:27:59,793] {logging_mixin.py:115} INFO - [2025-02-04 15:27:59,793] {dagbag.py:507} INFO - Filling up the DagBag from /opt/airflow/dags/influenza-ETL.py
[2025-02-04 15:27:59,938] {processor.py:651} INFO - DAG(s) dict_keys(['grippe_etl_pipeline']) retrieved from /opt/airflow/dags/influenza-ETL.py
[2025-02-04 15:27:59,945] {logging_mixin.py:115} INFO - [2025-02-04 15:27:59,944] {dag.py:2379} INFO - Sync 1 DAGs
[2025-02-04 15:27:59,951] {logging_mixin.py:115} INFO - [2025-02-04 15:27:59,951] {dag.py:2931} INFO - Setting next_dagrun for grippe_etl_pipeline to 2025-02-04T00:00:00+00:00, run_after=2025-02-05T00:00:00+00:00
[2025-02-04 15:27:59,954] {processor.py:161} INFO - Processing /opt/airflow/dags/influenza-ETL.py took 0.164 seconds
[2025-02-04 15:28:30,077] {processor.py:153} INFO - Started process (PID=937) to work on /opt/airflow/dags/influenza-ETL.py
[2025-02-04 15:28:30,077] {processor.py:641} INFO - Processing file /opt/airflow/dags/influenza-ETL.py for tasks to queue
[2025-02-04 15:28:30,078] {logging_mixin.py:115} INFO - [2025-02-04 15:28:30,078] {dagbag.py:507} INFO - Filling up the DagBag from /opt/airflow/dags/influenza-ETL.py
[2025-02-04 15:28:30,214] {processor.py:651} INFO - DAG(s) dict_keys(['grippe_etl_pipeline']) retrieved from /opt/airflow/dags/influenza-ETL.py
[2025-02-04 15:28:30,220] {logging_mixin.py:115} INFO - [2025-02-04 15:28:30,220] {dag.py:2379} INFO - Sync 1 DAGs
[2025-02-04 15:28:30,226] {logging_mixin.py:115} INFO - [2025-02-04 15:28:30,226] {dag.py:2931} INFO - Setting next_dagrun for grippe_etl_pipeline to 2025-02-04T00:00:00+00:00, run_after=2025-02-05T00:00:00+00:00
[2025-02-04 15:28:30,229] {processor.py:161} INFO - Processing /opt/airflow/dags/influenza-ETL.py took 0.155 seconds
[2025-02-04 15:29:00,368] {processor.py:153} INFO - Started process (PID=966) to work on /opt/airflow/dags/influenza-ETL.py
[2025-02-04 15:29:00,369] {processor.py:641} INFO - Processing file /opt/airflow/dags/influenza-ETL.py for tasks to queue
[2025-02-04 15:29:00,369] {logging_mixin.py:115} INFO - [2025-02-04 15:29:00,369] {dagbag.py:507} INFO - Filling up the DagBag from /opt/airflow/dags/influenza-ETL.py
[2025-02-04 15:29:00,537] {processor.py:651} INFO - DAG(s) dict_keys(['grippe_etl_pipeline']) retrieved from /opt/airflow/dags/influenza-ETL.py
[2025-02-04 15:29:00,549] {logging_mixin.py:115} INFO - [2025-02-04 15:29:00,549] {dag.py:2379} INFO - Sync 1 DAGs
[2025-02-04 15:29:00,557] {logging_mixin.py:115} INFO - [2025-02-04 15:29:00,557] {dag.py:2931} INFO - Setting next_dagrun for grippe_etl_pipeline to 2025-02-04T00:00:00+00:00, run_after=2025-02-05T00:00:00+00:00
[2025-02-04 15:29:00,560] {processor.py:161} INFO - Processing /opt/airflow/dags/influenza-ETL.py took 0.195 seconds
[2025-02-04 15:29:30,725] {processor.py:153} INFO - Started process (PID=994) to work on /opt/airflow/dags/influenza-ETL.py
[2025-02-04 15:29:30,726] {processor.py:641} INFO - Processing file /opt/airflow/dags/influenza-ETL.py for tasks to queue
[2025-02-04 15:29:30,726] {logging_mixin.py:115} INFO - [2025-02-04 15:29:30,726] {dagbag.py:507} INFO - Filling up the DagBag from /opt/airflow/dags/influenza-ETL.py
[2025-02-04 15:29:30,855] {processor.py:651} INFO - DAG(s) dict_keys(['grippe_etl_pipeline']) retrieved from /opt/airflow/dags/influenza-ETL.py
[2025-02-04 15:29:30,862] {logging_mixin.py:115} INFO - [2025-02-04 15:29:30,861] {dag.py:2379} INFO - Sync 1 DAGs
[2025-02-04 15:29:30,868] {logging_mixin.py:115} INFO - [2025-02-04 15:29:30,868] {dag.py:2931} INFO - Setting next_dagrun for grippe_etl_pipeline to 2025-02-04T00:00:00+00:00, run_after=2025-02-05T00:00:00+00:00
[2025-02-04 15:29:30,871] {processor.py:161} INFO - Processing /opt/airflow/dags/influenza-ETL.py took 0.148 seconds
[2025-02-04 15:30:01,007] {processor.py:153} INFO - Started process (PID=1022) to work on /opt/airflow/dags/influenza-ETL.py
[2025-02-04 15:30:01,008] {processor.py:641} INFO - Processing file /opt/airflow/dags/influenza-ETL.py for tasks to queue
[2025-02-04 15:30:01,009] {logging_mixin.py:115} INFO - [2025-02-04 15:30:01,008] {dagbag.py:507} INFO - Filling up the DagBag from /opt/airflow/dags/influenza-ETL.py
[2025-02-04 15:30:01,177] {processor.py:651} INFO - DAG(s) dict_keys(['grippe_etl_pipeline']) retrieved from /opt/airflow/dags/influenza-ETL.py
[2025-02-04 15:30:01,183] {logging_mixin.py:115} INFO - [2025-02-04 15:30:01,183] {dag.py:2379} INFO - Sync 1 DAGs
[2025-02-04 15:30:01,190] {logging_mixin.py:115} INFO - [2025-02-04 15:30:01,190] {dag.py:2931} INFO - Setting next_dagrun for grippe_etl_pipeline to 2025-02-04T00:00:00+00:00, run_after=2025-02-05T00:00:00+00:00
[2025-02-04 15:30:01,193] {processor.py:161} INFO - Processing /opt/airflow/dags/influenza-ETL.py took 0.190 seconds
[2025-02-04 15:30:31,349] {processor.py:153} INFO - Started process (PID=1050) to work on /opt/airflow/dags/influenza-ETL.py
[2025-02-04 15:30:31,350] {processor.py:641} INFO - Processing file /opt/airflow/dags/influenza-ETL.py for tasks to queue
[2025-02-04 15:30:31,350] {logging_mixin.py:115} INFO - [2025-02-04 15:30:31,350] {dagbag.py:507} INFO - Filling up the DagBag from /opt/airflow/dags/influenza-ETL.py
[2025-02-04 15:30:31,525] {processor.py:651} INFO - DAG(s) dict_keys(['grippe_etl_pipeline']) retrieved from /opt/airflow/dags/influenza-ETL.py
[2025-02-04 15:30:31,533] {logging_mixin.py:115} INFO - [2025-02-04 15:30:31,532] {dag.py:2379} INFO - Sync 1 DAGs
[2025-02-04 15:30:31,543] {logging_mixin.py:115} INFO - [2025-02-04 15:30:31,543] {dag.py:2931} INFO - Setting next_dagrun for grippe_etl_pipeline to 2025-02-04T00:00:00+00:00, run_after=2025-02-05T00:00:00+00:00
[2025-02-04 15:30:31,550] {processor.py:161} INFO - Processing /opt/airflow/dags/influenza-ETL.py took 0.203 seconds
[2025-02-04 15:31:01,686] {processor.py:153} INFO - Started process (PID=1069) to work on /opt/airflow/dags/influenza-ETL.py
[2025-02-04 15:31:01,686] {processor.py:641} INFO - Processing file /opt/airflow/dags/influenza-ETL.py for tasks to queue
[2025-02-04 15:31:01,687] {logging_mixin.py:115} INFO - [2025-02-04 15:31:01,687] {dagbag.py:507} INFO - Filling up the DagBag from /opt/airflow/dags/influenza-ETL.py
[2025-02-04 15:31:01,834] {processor.py:651} INFO - DAG(s) dict_keys(['grippe_etl_pipeline']) retrieved from /opt/airflow/dags/influenza-ETL.py
[2025-02-04 15:31:01,843] {logging_mixin.py:115} INFO - [2025-02-04 15:31:01,842] {dag.py:2379} INFO - Sync 1 DAGs
[2025-02-04 15:31:01,853] {logging_mixin.py:115} INFO - [2025-02-04 15:31:01,852] {dag.py:2931} INFO - Setting next_dagrun for grippe_etl_pipeline to 2025-02-04T00:00:00+00:00, run_after=2025-02-05T00:00:00+00:00
[2025-02-04 15:31:01,856] {processor.py:161} INFO - Processing /opt/airflow/dags/influenza-ETL.py took 0.173 seconds
[2025-02-04 15:31:31,993] {processor.py:153} INFO - Started process (PID=1098) to work on /opt/airflow/dags/influenza-ETL.py
[2025-02-04 15:31:31,994] {processor.py:641} INFO - Processing file /opt/airflow/dags/influenza-ETL.py for tasks to queue
[2025-02-04 15:31:31,995] {logging_mixin.py:115} INFO - [2025-02-04 15:31:31,995] {dagbag.py:507} INFO - Filling up the DagBag from /opt/airflow/dags/influenza-ETL.py
[2025-02-04 15:31:32,149] {processor.py:651} INFO - DAG(s) dict_keys(['grippe_etl_pipeline']) retrieved from /opt/airflow/dags/influenza-ETL.py
[2025-02-04 15:31:32,157] {logging_mixin.py:115} INFO - [2025-02-04 15:31:32,157] {dag.py:2379} INFO - Sync 1 DAGs
[2025-02-04 15:31:32,164] {logging_mixin.py:115} INFO - [2025-02-04 15:31:32,164] {dag.py:2931} INFO - Setting next_dagrun for grippe_etl_pipeline to 2025-02-04T00:00:00+00:00, run_after=2025-02-05T00:00:00+00:00
[2025-02-04 15:31:32,167] {processor.py:161} INFO - Processing /opt/airflow/dags/influenza-ETL.py took 0.178 seconds
[2025-02-04 15:32:02,313] {processor.py:153} INFO - Started process (PID=1127) to work on /opt/airflow/dags/influenza-ETL.py
[2025-02-04 15:32:02,314] {processor.py:641} INFO - Processing file /opt/airflow/dags/influenza-ETL.py for tasks to queue
[2025-02-04 15:32:02,314] {logging_mixin.py:115} INFO - [2025-02-04 15:32:02,314] {dagbag.py:507} INFO - Filling up the DagBag from /opt/airflow/dags/influenza-ETL.py
[2025-02-04 15:32:02,456] {processor.py:651} INFO - DAG(s) dict_keys(['grippe_etl_pipeline']) retrieved from /opt/airflow/dags/influenza-ETL.py
[2025-02-04 15:32:02,462] {logging_mixin.py:115} INFO - [2025-02-04 15:32:02,462] {dag.py:2379} INFO - Sync 1 DAGs
[2025-02-04 15:32:02,468] {logging_mixin.py:115} INFO - [2025-02-04 15:32:02,468] {dag.py:2931} INFO - Setting next_dagrun for grippe_etl_pipeline to 2025-02-04T00:00:00+00:00, run_after=2025-02-05T00:00:00+00:00
[2025-02-04 15:32:02,471] {processor.py:161} INFO - Processing /opt/airflow/dags/influenza-ETL.py took 0.161 seconds
[2025-02-04 15:32:32,511] {processor.py:153} INFO - Started process (PID=1156) to work on /opt/airflow/dags/influenza-ETL.py
[2025-02-04 15:32:32,511] {processor.py:641} INFO - Processing file /opt/airflow/dags/influenza-ETL.py for tasks to queue
[2025-02-04 15:32:32,512] {logging_mixin.py:115} INFO - [2025-02-04 15:32:32,512] {dagbag.py:507} INFO - Filling up the DagBag from /opt/airflow/dags/influenza-ETL.py
[2025-02-04 15:32:32,656] {processor.py:651} INFO - DAG(s) dict_keys(['grippe_etl_pipeline']) retrieved from /opt/airflow/dags/influenza-ETL.py
[2025-02-04 15:32:32,663] {logging_mixin.py:115} INFO - [2025-02-04 15:32:32,662] {dag.py:2379} INFO - Sync 1 DAGs
[2025-02-04 15:32:32,669] {logging_mixin.py:115} INFO - [2025-02-04 15:32:32,669] {dag.py:2931} INFO - Setting next_dagrun for grippe_etl_pipeline to 2025-02-04T00:00:00+00:00, run_after=2025-02-05T00:00:00+00:00
[2025-02-04 15:32:32,672] {processor.py:161} INFO - Processing /opt/airflow/dags/influenza-ETL.py took 0.165 seconds
[2025-02-04 15:33:02,789] {processor.py:153} INFO - Started process (PID=1185) to work on /opt/airflow/dags/influenza-ETL.py
[2025-02-04 15:33:02,789] {processor.py:641} INFO - Processing file /opt/airflow/dags/influenza-ETL.py for tasks to queue
[2025-02-04 15:33:02,790] {logging_mixin.py:115} INFO - [2025-02-04 15:33:02,789] {dagbag.py:507} INFO - Filling up the DagBag from /opt/airflow/dags/influenza-ETL.py
[2025-02-04 15:33:02,938] {processor.py:651} INFO - DAG(s) dict_keys(['grippe_etl_pipeline']) retrieved from /opt/airflow/dags/influenza-ETL.py
[2025-02-04 15:33:02,944] {logging_mixin.py:115} INFO - [2025-02-04 15:33:02,944] {dag.py:2379} INFO - Sync 1 DAGs
[2025-02-04 15:33:02,963] {logging_mixin.py:115} INFO - [2025-02-04 15:33:02,963] {dag.py:2931} INFO - Setting next_dagrun for grippe_etl_pipeline to 2025-02-04T00:00:00+00:00, run_after=2025-02-05T00:00:00+00:00
[2025-02-04 15:33:02,966] {processor.py:161} INFO - Processing /opt/airflow/dags/influenza-ETL.py took 0.168 seconds
[2025-02-04 15:33:33,125] {processor.py:153} INFO - Started process (PID=1214) to work on /opt/airflow/dags/influenza-ETL.py
[2025-02-04 15:33:33,126] {processor.py:641} INFO - Processing file /opt/airflow/dags/influenza-ETL.py for tasks to queue
[2025-02-04 15:33:33,126] {logging_mixin.py:115} INFO - [2025-02-04 15:33:33,126] {dagbag.py:507} INFO - Filling up the DagBag from /opt/airflow/dags/influenza-ETL.py
[2025-02-04 15:33:33,282] {processor.py:651} INFO - DAG(s) dict_keys(['grippe_etl_pipeline']) retrieved from /opt/airflow/dags/influenza-ETL.py
[2025-02-04 15:33:33,288] {logging_mixin.py:115} INFO - [2025-02-04 15:33:33,288] {dag.py:2379} INFO - Sync 1 DAGs
[2025-02-04 15:33:33,294] {logging_mixin.py:115} INFO - [2025-02-04 15:33:33,294] {dag.py:2931} INFO - Setting next_dagrun for grippe_etl_pipeline to 2025-02-04T00:00:00+00:00, run_after=2025-02-05T00:00:00+00:00
[2025-02-04 15:33:33,297] {processor.py:161} INFO - Processing /opt/airflow/dags/influenza-ETL.py took 0.176 seconds
[2025-02-04 15:34:03,457] {processor.py:153} INFO - Started process (PID=1242) to work on /opt/airflow/dags/influenza-ETL.py
[2025-02-04 15:34:03,457] {processor.py:641} INFO - Processing file /opt/airflow/dags/influenza-ETL.py for tasks to queue
[2025-02-04 15:34:03,458] {logging_mixin.py:115} INFO - [2025-02-04 15:34:03,458] {dagbag.py:507} INFO - Filling up the DagBag from /opt/airflow/dags/influenza-ETL.py
[2025-02-04 15:34:03,615] {processor.py:651} INFO - DAG(s) dict_keys(['grippe_etl_pipeline']) retrieved from /opt/airflow/dags/influenza-ETL.py
[2025-02-04 15:34:03,621] {logging_mixin.py:115} INFO - [2025-02-04 15:34:03,621] {dag.py:2379} INFO - Sync 1 DAGs
[2025-02-04 15:34:03,627] {logging_mixin.py:115} INFO - [2025-02-04 15:34:03,627] {dag.py:2931} INFO - Setting next_dagrun for grippe_etl_pipeline to 2025-02-04T00:00:00+00:00, run_after=2025-02-05T00:00:00+00:00
[2025-02-04 15:34:03,630] {processor.py:161} INFO - Processing /opt/airflow/dags/influenza-ETL.py took 0.177 seconds
[2025-02-04 15:34:33,647] {processor.py:153} INFO - Started process (PID=1272) to work on /opt/airflow/dags/influenza-ETL.py
[2025-02-04 15:34:33,647] {processor.py:641} INFO - Processing file /opt/airflow/dags/influenza-ETL.py for tasks to queue
[2025-02-04 15:34:33,647] {logging_mixin.py:115} INFO - [2025-02-04 15:34:33,647] {dagbag.py:507} INFO - Filling up the DagBag from /opt/airflow/dags/influenza-ETL.py
[2025-02-04 15:34:33,774] {processor.py:651} INFO - DAG(s) dict_keys(['grippe_etl_pipeline']) retrieved from /opt/airflow/dags/influenza-ETL.py
[2025-02-04 15:34:33,780] {logging_mixin.py:115} INFO - [2025-02-04 15:34:33,780] {dag.py:2379} INFO - Sync 1 DAGs
[2025-02-04 15:34:33,787] {logging_mixin.py:115} INFO - [2025-02-04 15:34:33,787] {dag.py:2931} INFO - Setting next_dagrun for grippe_etl_pipeline to 2025-02-04T00:00:00+00:00, run_after=2025-02-05T00:00:00+00:00
[2025-02-04 15:34:33,790] {processor.py:161} INFO - Processing /opt/airflow/dags/influenza-ETL.py took 0.145 seconds
[2025-02-04 15:35:03,966] {processor.py:153} INFO - Started process (PID=1292) to work on /opt/airflow/dags/influenza-ETL.py
[2025-02-04 15:35:03,967] {processor.py:641} INFO - Processing file /opt/airflow/dags/influenza-ETL.py for tasks to queue
[2025-02-04 15:35:03,967] {logging_mixin.py:115} INFO - [2025-02-04 15:35:03,967] {dagbag.py:507} INFO - Filling up the DagBag from /opt/airflow/dags/influenza-ETL.py
[2025-02-04 15:35:04,120] {processor.py:651} INFO - DAG(s) dict_keys(['grippe_etl_pipeline']) retrieved from /opt/airflow/dags/influenza-ETL.py
[2025-02-04 15:35:04,126] {logging_mixin.py:115} INFO - [2025-02-04 15:35:04,126] {dag.py:2379} INFO - Sync 1 DAGs
[2025-02-04 15:35:04,132] {logging_mixin.py:115} INFO - [2025-02-04 15:35:04,132] {dag.py:2931} INFO - Setting next_dagrun for grippe_etl_pipeline to 2025-02-04T00:00:00+00:00, run_after=2025-02-05T00:00:00+00:00
[2025-02-04 15:35:04,135] {processor.py:161} INFO - Processing /opt/airflow/dags/influenza-ETL.py took 0.173 seconds
[2025-02-04 15:35:34,261] {processor.py:153} INFO - Started process (PID=1321) to work on /opt/airflow/dags/influenza-ETL.py
[2025-02-04 15:35:34,262] {processor.py:641} INFO - Processing file /opt/airflow/dags/influenza-ETL.py for tasks to queue
[2025-02-04 15:35:34,262] {logging_mixin.py:115} INFO - [2025-02-04 15:35:34,262] {dagbag.py:507} INFO - Filling up the DagBag from /opt/airflow/dags/influenza-ETL.py
[2025-02-04 15:35:34,396] {processor.py:651} INFO - DAG(s) dict_keys(['grippe_etl_pipeline']) retrieved from /opt/airflow/dags/influenza-ETL.py
[2025-02-04 15:35:34,402] {logging_mixin.py:115} INFO - [2025-02-04 15:35:34,401] {dag.py:2379} INFO - Sync 1 DAGs
[2025-02-04 15:35:34,408] {logging_mixin.py:115} INFO - [2025-02-04 15:35:34,408] {dag.py:2931} INFO - Setting next_dagrun for grippe_etl_pipeline to 2025-02-04T00:00:00+00:00, run_after=2025-02-05T00:00:00+00:00
[2025-02-04 15:35:34,411] {processor.py:161} INFO - Processing /opt/airflow/dags/influenza-ETL.py took 0.153 seconds
[2025-02-04 15:36:04,554] {processor.py:153} INFO - Started process (PID=1350) to work on /opt/airflow/dags/influenza-ETL.py
[2025-02-04 15:36:04,555] {processor.py:641} INFO - Processing file /opt/airflow/dags/influenza-ETL.py for tasks to queue
[2025-02-04 15:36:04,555] {logging_mixin.py:115} INFO - [2025-02-04 15:36:04,555] {dagbag.py:507} INFO - Filling up the DagBag from /opt/airflow/dags/influenza-ETL.py
[2025-02-04 15:36:04,708] {processor.py:651} INFO - DAG(s) dict_keys(['grippe_etl_pipeline']) retrieved from /opt/airflow/dags/influenza-ETL.py
[2025-02-04 15:36:04,714] {logging_mixin.py:115} INFO - [2025-02-04 15:36:04,714] {dag.py:2379} INFO - Sync 1 DAGs
[2025-02-04 15:36:04,720] {logging_mixin.py:115} INFO - [2025-02-04 15:36:04,720] {dag.py:2931} INFO - Setting next_dagrun for grippe_etl_pipeline to 2025-02-04T00:00:00+00:00, run_after=2025-02-05T00:00:00+00:00
[2025-02-04 15:36:04,723] {processor.py:161} INFO - Processing /opt/airflow/dags/influenza-ETL.py took 0.172 seconds
[2025-02-04 15:36:34,866] {processor.py:153} INFO - Started process (PID=1378) to work on /opt/airflow/dags/influenza-ETL.py
[2025-02-04 15:36:34,867] {processor.py:641} INFO - Processing file /opt/airflow/dags/influenza-ETL.py for tasks to queue
[2025-02-04 15:36:34,867] {logging_mixin.py:115} INFO - [2025-02-04 15:36:34,867] {dagbag.py:507} INFO - Filling up the DagBag from /opt/airflow/dags/influenza-ETL.py
[2025-02-04 15:36:34,991] {processor.py:651} INFO - DAG(s) dict_keys(['grippe_etl_pipeline']) retrieved from /opt/airflow/dags/influenza-ETL.py
[2025-02-04 15:36:34,997] {logging_mixin.py:115} INFO - [2025-02-04 15:36:34,997] {dag.py:2379} INFO - Sync 1 DAGs
[2025-02-04 15:36:35,003] {logging_mixin.py:115} INFO - [2025-02-04 15:36:35,003] {dag.py:2931} INFO - Setting next_dagrun for grippe_etl_pipeline to 2025-02-04T00:00:00+00:00, run_after=2025-02-05T00:00:00+00:00
[2025-02-04 15:36:35,006] {processor.py:161} INFO - Processing /opt/airflow/dags/influenza-ETL.py took 0.141 seconds
[2025-02-04 15:37:05,031] {processor.py:153} INFO - Started process (PID=1407) to work on /opt/airflow/dags/influenza-ETL.py
[2025-02-04 15:37:05,032] {processor.py:641} INFO - Processing file /opt/airflow/dags/influenza-ETL.py for tasks to queue
[2025-02-04 15:37:05,032] {logging_mixin.py:115} INFO - [2025-02-04 15:37:05,032] {dagbag.py:507} INFO - Filling up the DagBag from /opt/airflow/dags/influenza-ETL.py
[2025-02-04 15:37:05,176] {processor.py:651} INFO - DAG(s) dict_keys(['grippe_etl_pipeline']) retrieved from /opt/airflow/dags/influenza-ETL.py
[2025-02-04 15:37:05,182] {logging_mixin.py:115} INFO - [2025-02-04 15:37:05,182] {dag.py:2379} INFO - Sync 1 DAGs
[2025-02-04 15:37:05,189] {logging_mixin.py:115} INFO - [2025-02-04 15:37:05,189] {dag.py:2931} INFO - Setting next_dagrun for grippe_etl_pipeline to 2025-02-04T00:00:00+00:00, run_after=2025-02-05T00:00:00+00:00
[2025-02-04 15:37:05,192] {processor.py:161} INFO - Processing /opt/airflow/dags/influenza-ETL.py took 0.163 seconds
[2025-02-04 15:37:35,364] {processor.py:153} INFO - Started process (PID=1436) to work on /opt/airflow/dags/influenza-ETL.py
[2025-02-04 15:37:35,364] {processor.py:641} INFO - Processing file /opt/airflow/dags/influenza-ETL.py for tasks to queue
[2025-02-04 15:37:35,365] {logging_mixin.py:115} INFO - [2025-02-04 15:37:35,365] {dagbag.py:507} INFO - Filling up the DagBag from /opt/airflow/dags/influenza-ETL.py
[2025-02-04 15:37:35,538] {processor.py:651} INFO - DAG(s) dict_keys(['grippe_etl_pipeline']) retrieved from /opt/airflow/dags/influenza-ETL.py
[2025-02-04 15:37:35,545] {logging_mixin.py:115} INFO - [2025-02-04 15:37:35,545] {dag.py:2379} INFO - Sync 1 DAGs
[2025-02-04 15:37:35,551] {logging_mixin.py:115} INFO - [2025-02-04 15:37:35,551] {dag.py:2931} INFO - Setting next_dagrun for grippe_etl_pipeline to 2025-02-04T00:00:00+00:00, run_after=2025-02-05T00:00:00+00:00
[2025-02-04 15:37:35,554] {processor.py:161} INFO - Processing /opt/airflow/dags/influenza-ETL.py took 0.193 seconds
[2025-02-04 15:38:05,604] {processor.py:153} INFO - Started process (PID=1465) to work on /opt/airflow/dags/influenza-ETL.py
[2025-02-04 15:38:05,606] {processor.py:641} INFO - Processing file /opt/airflow/dags/influenza-ETL.py for tasks to queue
[2025-02-04 15:38:05,606] {logging_mixin.py:115} INFO - [2025-02-04 15:38:05,606] {dagbag.py:507} INFO - Filling up the DagBag from /opt/airflow/dags/influenza-ETL.py
[2025-02-04 15:38:05,772] {processor.py:651} INFO - DAG(s) dict_keys(['grippe_etl_pipeline']) retrieved from /opt/airflow/dags/influenza-ETL.py
[2025-02-04 15:38:05,779] {logging_mixin.py:115} INFO - [2025-02-04 15:38:05,779] {dag.py:2379} INFO - Sync 1 DAGs
[2025-02-04 15:38:05,785] {logging_mixin.py:115} INFO - [2025-02-04 15:38:05,785] {dag.py:2931} INFO - Setting next_dagrun for grippe_etl_pipeline to 2025-02-04T00:00:00+00:00, run_after=2025-02-05T00:00:00+00:00
[2025-02-04 15:38:05,788] {processor.py:161} INFO - Processing /opt/airflow/dags/influenza-ETL.py took 0.189 seconds
[2025-02-04 15:38:35,900] {processor.py:153} INFO - Started process (PID=1494) to work on /opt/airflow/dags/influenza-ETL.py
[2025-02-04 15:38:35,900] {processor.py:641} INFO - Processing file /opt/airflow/dags/influenza-ETL.py for tasks to queue
[2025-02-04 15:38:35,901] {logging_mixin.py:115} INFO - [2025-02-04 15:38:35,901] {dagbag.py:507} INFO - Filling up the DagBag from /opt/airflow/dags/influenza-ETL.py
[2025-02-04 15:38:36,067] {processor.py:651} INFO - DAG(s) dict_keys(['grippe_etl_pipeline']) retrieved from /opt/airflow/dags/influenza-ETL.py
[2025-02-04 15:38:36,075] {logging_mixin.py:115} INFO - [2025-02-04 15:38:36,074] {dag.py:2379} INFO - Sync 1 DAGs
[2025-02-04 15:38:36,081] {logging_mixin.py:115} INFO - [2025-02-04 15:38:36,081] {dag.py:2931} INFO - Setting next_dagrun for grippe_etl_pipeline to 2025-02-04T00:00:00+00:00, run_after=2025-02-05T00:00:00+00:00
[2025-02-04 15:38:36,084] {processor.py:161} INFO - Processing /opt/airflow/dags/influenza-ETL.py took 0.187 seconds
[2025-02-04 15:39:06,217] {processor.py:153} INFO - Started process (PID=1514) to work on /opt/airflow/dags/influenza-ETL.py
[2025-02-04 15:39:06,218] {processor.py:641} INFO - Processing file /opt/airflow/dags/influenza-ETL.py for tasks to queue
[2025-02-04 15:39:06,218] {logging_mixin.py:115} INFO - [2025-02-04 15:39:06,218] {dagbag.py:507} INFO - Filling up the DagBag from /opt/airflow/dags/influenza-ETL.py
[2025-02-04 15:39:06,374] {processor.py:651} INFO - DAG(s) dict_keys(['grippe_etl_pipeline']) retrieved from /opt/airflow/dags/influenza-ETL.py
[2025-02-04 15:39:06,380] {logging_mixin.py:115} INFO - [2025-02-04 15:39:06,380] {dag.py:2379} INFO - Sync 1 DAGs
[2025-02-04 15:39:06,386] {logging_mixin.py:115} INFO - [2025-02-04 15:39:06,386] {dag.py:2931} INFO - Setting next_dagrun for grippe_etl_pipeline to 2025-02-04T00:00:00+00:00, run_after=2025-02-05T00:00:00+00:00
[2025-02-04 15:39:06,389] {processor.py:161} INFO - Processing /opt/airflow/dags/influenza-ETL.py took 0.176 seconds
[2025-02-04 15:39:36,509] {processor.py:153} INFO - Started process (PID=1542) to work on /opt/airflow/dags/influenza-ETL.py
[2025-02-04 15:39:36,509] {processor.py:641} INFO - Processing file /opt/airflow/dags/influenza-ETL.py for tasks to queue
[2025-02-04 15:39:36,510] {logging_mixin.py:115} INFO - [2025-02-04 15:39:36,510] {dagbag.py:507} INFO - Filling up the DagBag from /opt/airflow/dags/influenza-ETL.py
[2025-02-04 15:39:36,634] {processor.py:651} INFO - DAG(s) dict_keys(['grippe_etl_pipeline']) retrieved from /opt/airflow/dags/influenza-ETL.py
[2025-02-04 15:39:36,640] {logging_mixin.py:115} INFO - [2025-02-04 15:39:36,640] {dag.py:2379} INFO - Sync 1 DAGs
[2025-02-04 15:39:36,646] {logging_mixin.py:115} INFO - [2025-02-04 15:39:36,646] {dag.py:2931} INFO - Setting next_dagrun for grippe_etl_pipeline to 2025-02-04T00:00:00+00:00, run_after=2025-02-05T00:00:00+00:00
[2025-02-04 15:39:36,650] {processor.py:161} INFO - Processing /opt/airflow/dags/influenza-ETL.py took 0.143 seconds
[2025-02-04 15:40:06,789] {processor.py:153} INFO - Started process (PID=1570) to work on /opt/airflow/dags/influenza-ETL.py
[2025-02-04 15:40:06,790] {processor.py:641} INFO - Processing file /opt/airflow/dags/influenza-ETL.py for tasks to queue
[2025-02-04 15:40:06,791] {logging_mixin.py:115} INFO - [2025-02-04 15:40:06,791] {dagbag.py:507} INFO - Filling up the DagBag from /opt/airflow/dags/influenza-ETL.py
[2025-02-04 15:40:06,948] {processor.py:651} INFO - DAG(s) dict_keys(['grippe_etl_pipeline']) retrieved from /opt/airflow/dags/influenza-ETL.py
[2025-02-04 15:40:06,955] {logging_mixin.py:115} INFO - [2025-02-04 15:40:06,955] {dag.py:2379} INFO - Sync 1 DAGs
[2025-02-04 15:40:06,961] {logging_mixin.py:115} INFO - [2025-02-04 15:40:06,961] {dag.py:2931} INFO - Setting next_dagrun for grippe_etl_pipeline to 2025-02-04T00:00:00+00:00, run_after=2025-02-05T00:00:00+00:00
[2025-02-04 15:40:06,963] {processor.py:161} INFO - Processing /opt/airflow/dags/influenza-ETL.py took 0.179 seconds
[2025-02-04 15:40:37,001] {processor.py:153} INFO - Started process (PID=1599) to work on /opt/airflow/dags/influenza-ETL.py
[2025-02-04 15:40:37,002] {processor.py:641} INFO - Processing file /opt/airflow/dags/influenza-ETL.py for tasks to queue
[2025-02-04 15:40:37,002] {logging_mixin.py:115} INFO - [2025-02-04 15:40:37,002] {dagbag.py:507} INFO - Filling up the DagBag from /opt/airflow/dags/influenza-ETL.py
[2025-02-04 15:40:37,154] {processor.py:651} INFO - DAG(s) dict_keys(['grippe_etl_pipeline']) retrieved from /opt/airflow/dags/influenza-ETL.py
[2025-02-04 15:40:37,160] {logging_mixin.py:115} INFO - [2025-02-04 15:40:37,160] {dag.py:2379} INFO - Sync 1 DAGs
[2025-02-04 15:40:37,167] {logging_mixin.py:115} INFO - [2025-02-04 15:40:37,167] {dag.py:2931} INFO - Setting next_dagrun for grippe_etl_pipeline to 2025-02-04T00:00:00+00:00, run_after=2025-02-05T00:00:00+00:00
[2025-02-04 15:40:37,169] {processor.py:161} INFO - Processing /opt/airflow/dags/influenza-ETL.py took 0.171 seconds
[2025-02-04 15:41:07,356] {processor.py:153} INFO - Started process (PID=1628) to work on /opt/airflow/dags/influenza-ETL.py
[2025-02-04 15:41:07,356] {processor.py:641} INFO - Processing file /opt/airflow/dags/influenza-ETL.py for tasks to queue
[2025-02-04 15:41:07,357] {logging_mixin.py:115} INFO - [2025-02-04 15:41:07,357] {dagbag.py:507} INFO - Filling up the DagBag from /opt/airflow/dags/influenza-ETL.py
[2025-02-04 15:41:07,503] {processor.py:651} INFO - DAG(s) dict_keys(['grippe_etl_pipeline']) retrieved from /opt/airflow/dags/influenza-ETL.py
[2025-02-04 15:41:07,510] {logging_mixin.py:115} INFO - [2025-02-04 15:41:07,510] {dag.py:2379} INFO - Sync 1 DAGs
[2025-02-04 15:41:07,516] {logging_mixin.py:115} INFO - [2025-02-04 15:41:07,516] {dag.py:2931} INFO - Setting next_dagrun for grippe_etl_pipeline to 2025-02-04T00:00:00+00:00, run_after=2025-02-05T00:00:00+00:00
[2025-02-04 15:41:07,518] {processor.py:161} INFO - Processing /opt/airflow/dags/influenza-ETL.py took 0.166 seconds
[2025-02-04 15:41:37,609] {processor.py:153} INFO - Started process (PID=1657) to work on /opt/airflow/dags/influenza-ETL.py
[2025-02-04 15:41:37,610] {processor.py:641} INFO - Processing file /opt/airflow/dags/influenza-ETL.py for tasks to queue
[2025-02-04 15:41:37,611] {logging_mixin.py:115} INFO - [2025-02-04 15:41:37,611] {dagbag.py:507} INFO - Filling up the DagBag from /opt/airflow/dags/influenza-ETL.py
[2025-02-04 15:41:37,788] {processor.py:651} INFO - DAG(s) dict_keys(['grippe_etl_pipeline']) retrieved from /opt/airflow/dags/influenza-ETL.py
[2025-02-04 15:41:37,795] {logging_mixin.py:115} INFO - [2025-02-04 15:41:37,795] {dag.py:2379} INFO - Sync 1 DAGs
[2025-02-04 15:41:37,800] {logging_mixin.py:115} INFO - [2025-02-04 15:41:37,800] {dag.py:2931} INFO - Setting next_dagrun for grippe_etl_pipeline to 2025-02-04T00:00:00+00:00, run_after=2025-02-05T00:00:00+00:00
[2025-02-04 15:41:37,803] {processor.py:161} INFO - Processing /opt/airflow/dags/influenza-ETL.py took 0.198 seconds
[2025-02-04 15:42:07,855] {processor.py:153} INFO - Started process (PID=1686) to work on /opt/airflow/dags/influenza-ETL.py
[2025-02-04 15:42:07,856] {processor.py:641} INFO - Processing file /opt/airflow/dags/influenza-ETL.py for tasks to queue
[2025-02-04 15:42:07,856] {logging_mixin.py:115} INFO - [2025-02-04 15:42:07,856] {dagbag.py:507} INFO - Filling up the DagBag from /opt/airflow/dags/influenza-ETL.py
[2025-02-04 15:42:08,014] {processor.py:651} INFO - DAG(s) dict_keys(['grippe_etl_pipeline']) retrieved from /opt/airflow/dags/influenza-ETL.py
[2025-02-04 15:42:08,020] {logging_mixin.py:115} INFO - [2025-02-04 15:42:08,020] {dag.py:2379} INFO - Sync 1 DAGs
[2025-02-04 15:42:08,026] {logging_mixin.py:115} INFO - [2025-02-04 15:42:08,026] {dag.py:2931} INFO - Setting next_dagrun for grippe_etl_pipeline to 2025-02-04T00:00:00+00:00, run_after=2025-02-05T00:00:00+00:00
[2025-02-04 15:42:08,029] {processor.py:161} INFO - Processing /opt/airflow/dags/influenza-ETL.py took 0.178 seconds
[2025-02-04 15:42:38,236] {processor.py:153} INFO - Started process (PID=1714) to work on /opt/airflow/dags/influenza-ETL.py
[2025-02-04 15:42:38,236] {processor.py:641} INFO - Processing file /opt/airflow/dags/influenza-ETL.py for tasks to queue
[2025-02-04 15:42:38,237] {logging_mixin.py:115} INFO - [2025-02-04 15:42:38,237] {dagbag.py:507} INFO - Filling up the DagBag from /opt/airflow/dags/influenza-ETL.py
[2025-02-04 15:42:38,431] {processor.py:651} INFO - DAG(s) dict_keys(['grippe_etl_pipeline']) retrieved from /opt/airflow/dags/influenza-ETL.py
[2025-02-04 15:42:38,437] {logging_mixin.py:115} INFO - [2025-02-04 15:42:38,437] {dag.py:2379} INFO - Sync 1 DAGs
[2025-02-04 15:42:38,443] {logging_mixin.py:115} INFO - [2025-02-04 15:42:38,443] {dag.py:2931} INFO - Setting next_dagrun for grippe_etl_pipeline to 2025-02-04T00:00:00+00:00, run_after=2025-02-05T00:00:00+00:00
[2025-02-04 15:42:38,446] {processor.py:161} INFO - Processing /opt/airflow/dags/influenza-ETL.py took 0.215 seconds
[2025-02-04 15:53:35,818] {processor.py:153} INFO - Started process (PID=1736) to work on /opt/airflow/dags/influenza-ETL.py
[2025-02-04 15:53:35,819] {processor.py:641} INFO - Processing file /opt/airflow/dags/influenza-ETL.py for tasks to queue
[2025-02-04 15:53:35,819] {logging_mixin.py:115} INFO - [2025-02-04 15:53:35,819] {dagbag.py:507} INFO - Filling up the DagBag from /opt/airflow/dags/influenza-ETL.py
[2025-02-04 15:53:36,071] {processor.py:651} INFO - DAG(s) dict_keys(['grippe_etl_pipeline']) retrieved from /opt/airflow/dags/influenza-ETL.py
[2025-02-04 15:53:36,088] {logging_mixin.py:115} INFO - [2025-02-04 15:53:36,088] {dag.py:2379} INFO - Sync 1 DAGs
[2025-02-04 15:53:36,114] {logging_mixin.py:115} INFO - [2025-02-04 15:53:36,114] {dag.py:2931} INFO - Setting next_dagrun for grippe_etl_pipeline to 2025-02-04T00:00:00+00:00, run_after=2025-02-05T00:00:00+00:00
[2025-02-04 15:53:36,121] {processor.py:161} INFO - Processing /opt/airflow/dags/influenza-ETL.py took 0.306 seconds
[2025-02-04 15:54:06,281] {processor.py:153} INFO - Started process (PID=1765) to work on /opt/airflow/dags/influenza-ETL.py
[2025-02-04 15:54:06,281] {processor.py:641} INFO - Processing file /opt/airflow/dags/influenza-ETL.py for tasks to queue
[2025-02-04 15:54:06,282] {logging_mixin.py:115} INFO - [2025-02-04 15:54:06,282] {dagbag.py:507} INFO - Filling up the DagBag from /opt/airflow/dags/influenza-ETL.py
[2025-02-04 15:54:06,455] {processor.py:651} INFO - DAG(s) dict_keys(['grippe_etl_pipeline']) retrieved from /opt/airflow/dags/influenza-ETL.py
[2025-02-04 15:54:06,462] {logging_mixin.py:115} INFO - [2025-02-04 15:54:06,462] {dag.py:2379} INFO - Sync 1 DAGs
[2025-02-04 15:54:06,469] {logging_mixin.py:115} INFO - [2025-02-04 15:54:06,469] {dag.py:2931} INFO - Setting next_dagrun for grippe_etl_pipeline to 2025-02-04T00:00:00+00:00, run_after=2025-02-05T00:00:00+00:00
[2025-02-04 15:54:06,472] {processor.py:161} INFO - Processing /opt/airflow/dags/influenza-ETL.py took 0.196 seconds
[2025-02-04 15:54:36,599] {processor.py:153} INFO - Started process (PID=1794) to work on /opt/airflow/dags/influenza-ETL.py
[2025-02-04 15:54:36,599] {processor.py:641} INFO - Processing file /opt/airflow/dags/influenza-ETL.py for tasks to queue
[2025-02-04 15:54:36,600] {logging_mixin.py:115} INFO - [2025-02-04 15:54:36,600] {dagbag.py:507} INFO - Filling up the DagBag from /opt/airflow/dags/influenza-ETL.py
[2025-02-04 15:54:36,745] {processor.py:651} INFO - DAG(s) dict_keys(['grippe_etl_pipeline']) retrieved from /opt/airflow/dags/influenza-ETL.py
[2025-02-04 15:54:36,752] {logging_mixin.py:115} INFO - [2025-02-04 15:54:36,752] {dag.py:2379} INFO - Sync 1 DAGs
[2025-02-04 15:54:36,758] {logging_mixin.py:115} INFO - [2025-02-04 15:54:36,758] {dag.py:2931} INFO - Setting next_dagrun for grippe_etl_pipeline to 2025-02-04T00:00:00+00:00, run_after=2025-02-05T00:00:00+00:00
[2025-02-04 15:54:36,761] {processor.py:161} INFO - Processing /opt/airflow/dags/influenza-ETL.py took 0.165 seconds
[2025-02-04 15:55:06,946] {processor.py:153} INFO - Started process (PID=1823) to work on /opt/airflow/dags/influenza-ETL.py
[2025-02-04 15:55:06,946] {processor.py:641} INFO - Processing file /opt/airflow/dags/influenza-ETL.py for tasks to queue
[2025-02-04 15:55:06,947] {logging_mixin.py:115} INFO - [2025-02-04 15:55:06,947] {dagbag.py:507} INFO - Filling up the DagBag from /opt/airflow/dags/influenza-ETL.py
[2025-02-04 15:55:07,145] {processor.py:651} INFO - DAG(s) dict_keys(['grippe_etl_pipeline']) retrieved from /opt/airflow/dags/influenza-ETL.py
[2025-02-04 15:55:07,152] {logging_mixin.py:115} INFO - [2025-02-04 15:55:07,152] {dag.py:2379} INFO - Sync 1 DAGs
[2025-02-04 15:55:07,159] {logging_mixin.py:115} INFO - [2025-02-04 15:55:07,159] {dag.py:2931} INFO - Setting next_dagrun for grippe_etl_pipeline to 2025-02-04T00:00:00+00:00, run_after=2025-02-05T00:00:00+00:00
[2025-02-04 15:55:07,162] {processor.py:161} INFO - Processing /opt/airflow/dags/influenza-ETL.py took 0.222 seconds
[2025-02-04 15:55:37,326] {processor.py:153} INFO - Started process (PID=1851) to work on /opt/airflow/dags/influenza-ETL.py
[2025-02-04 15:55:37,326] {processor.py:641} INFO - Processing file /opt/airflow/dags/influenza-ETL.py for tasks to queue
[2025-02-04 15:55:37,327] {logging_mixin.py:115} INFO - [2025-02-04 15:55:37,327] {dagbag.py:507} INFO - Filling up the DagBag from /opt/airflow/dags/influenza-ETL.py
[2025-02-04 15:55:37,480] {processor.py:651} INFO - DAG(s) dict_keys(['grippe_etl_pipeline']) retrieved from /opt/airflow/dags/influenza-ETL.py
[2025-02-04 15:55:37,486] {logging_mixin.py:115} INFO - [2025-02-04 15:55:37,486] {dag.py:2379} INFO - Sync 1 DAGs
[2025-02-04 15:55:37,492] {logging_mixin.py:115} INFO - [2025-02-04 15:55:37,492] {dag.py:2931} INFO - Setting next_dagrun for grippe_etl_pipeline to 2025-02-04T00:00:00+00:00, run_after=2025-02-05T00:00:00+00:00
[2025-02-04 15:55:37,496] {processor.py:161} INFO - Processing /opt/airflow/dags/influenza-ETL.py took 0.173 seconds
[2025-02-04 15:56:07,647] {processor.py:153} INFO - Started process (PID=1870) to work on /opt/airflow/dags/influenza-ETL.py
[2025-02-04 15:56:07,648] {processor.py:641} INFO - Processing file /opt/airflow/dags/influenza-ETL.py for tasks to queue
[2025-02-04 15:56:07,649] {logging_mixin.py:115} INFO - [2025-02-04 15:56:07,648] {dagbag.py:507} INFO - Filling up the DagBag from /opt/airflow/dags/influenza-ETL.py
[2025-02-04 15:56:07,804] {processor.py:651} INFO - DAG(s) dict_keys(['grippe_etl_pipeline']) retrieved from /opt/airflow/dags/influenza-ETL.py
[2025-02-04 15:56:07,811] {logging_mixin.py:115} INFO - [2025-02-04 15:56:07,811] {dag.py:2379} INFO - Sync 1 DAGs
[2025-02-04 15:56:07,817] {logging_mixin.py:115} INFO - [2025-02-04 15:56:07,817] {dag.py:2931} INFO - Setting next_dagrun for grippe_etl_pipeline to 2025-02-04T00:00:00+00:00, run_after=2025-02-05T00:00:00+00:00
[2025-02-04 15:56:07,820] {processor.py:161} INFO - Processing /opt/airflow/dags/influenza-ETL.py took 0.177 seconds
[2025-02-04 15:56:37,999] {processor.py:153} INFO - Started process (PID=1899) to work on /opt/airflow/dags/influenza-ETL.py
[2025-02-04 15:56:37,999] {processor.py:641} INFO - Processing file /opt/airflow/dags/influenza-ETL.py for tasks to queue
[2025-02-04 15:56:38,000] {logging_mixin.py:115} INFO - [2025-02-04 15:56:38,000] {dagbag.py:507} INFO - Filling up the DagBag from /opt/airflow/dags/influenza-ETL.py
[2025-02-04 15:56:38,172] {processor.py:651} INFO - DAG(s) dict_keys(['grippe_etl_pipeline']) retrieved from /opt/airflow/dags/influenza-ETL.py
[2025-02-04 15:56:38,180] {logging_mixin.py:115} INFO - [2025-02-04 15:56:38,179] {dag.py:2379} INFO - Sync 1 DAGs
[2025-02-04 15:56:38,186] {logging_mixin.py:115} INFO - [2025-02-04 15:56:38,186] {dag.py:2931} INFO - Setting next_dagrun for grippe_etl_pipeline to 2025-02-04T00:00:00+00:00, run_after=2025-02-05T00:00:00+00:00
[2025-02-04 15:56:38,189] {processor.py:161} INFO - Processing /opt/airflow/dags/influenza-ETL.py took 0.195 seconds
[2025-02-04 15:57:08,347] {processor.py:153} INFO - Started process (PID=1928) to work on /opt/airflow/dags/influenza-ETL.py
[2025-02-04 15:57:08,349] {processor.py:641} INFO - Processing file /opt/airflow/dags/influenza-ETL.py for tasks to queue
[2025-02-04 15:57:08,350] {logging_mixin.py:115} INFO - [2025-02-04 15:57:08,350] {dagbag.py:507} INFO - Filling up the DagBag from /opt/airflow/dags/influenza-ETL.py
[2025-02-04 15:57:08,567] {processor.py:651} INFO - DAG(s) dict_keys(['grippe_etl_pipeline']) retrieved from /opt/airflow/dags/influenza-ETL.py
[2025-02-04 15:57:08,583] {logging_mixin.py:115} INFO - [2025-02-04 15:57:08,583] {dag.py:2379} INFO - Sync 1 DAGs
[2025-02-04 15:57:08,592] {logging_mixin.py:115} INFO - [2025-02-04 15:57:08,592] {dag.py:2931} INFO - Setting next_dagrun for grippe_etl_pipeline to 2025-02-04T00:00:00+00:00, run_after=2025-02-05T00:00:00+00:00
[2025-02-04 15:57:08,595] {processor.py:161} INFO - Processing /opt/airflow/dags/influenza-ETL.py took 0.253 seconds
[2025-02-04 15:57:38,749] {processor.py:153} INFO - Started process (PID=1957) to work on /opt/airflow/dags/influenza-ETL.py
[2025-02-04 15:57:38,750] {processor.py:641} INFO - Processing file /opt/airflow/dags/influenza-ETL.py for tasks to queue
[2025-02-04 15:57:38,751] {logging_mixin.py:115} INFO - [2025-02-04 15:57:38,751] {dagbag.py:507} INFO - Filling up the DagBag from /opt/airflow/dags/influenza-ETL.py
[2025-02-04 15:57:38,920] {processor.py:651} INFO - DAG(s) dict_keys(['grippe_etl_pipeline']) retrieved from /opt/airflow/dags/influenza-ETL.py
[2025-02-04 15:57:38,927] {logging_mixin.py:115} INFO - [2025-02-04 15:57:38,927] {dag.py:2379} INFO - Sync 1 DAGs
[2025-02-04 15:57:38,934] {logging_mixin.py:115} INFO - [2025-02-04 15:57:38,934] {dag.py:2931} INFO - Setting next_dagrun for grippe_etl_pipeline to 2025-02-04T00:00:00+00:00, run_after=2025-02-05T00:00:00+00:00
[2025-02-04 15:57:38,937] {processor.py:161} INFO - Processing /opt/airflow/dags/influenza-ETL.py took 0.194 seconds
[2025-02-04 15:58:09,080] {processor.py:153} INFO - Started process (PID=1985) to work on /opt/airflow/dags/influenza-ETL.py
[2025-02-04 15:58:09,080] {processor.py:641} INFO - Processing file /opt/airflow/dags/influenza-ETL.py for tasks to queue
[2025-02-04 15:58:09,081] {logging_mixin.py:115} INFO - [2025-02-04 15:58:09,081] {dagbag.py:507} INFO - Filling up the DagBag from /opt/airflow/dags/influenza-ETL.py
[2025-02-04 15:58:09,235] {processor.py:651} INFO - DAG(s) dict_keys(['grippe_etl_pipeline']) retrieved from /opt/airflow/dags/influenza-ETL.py
[2025-02-04 15:58:09,243] {logging_mixin.py:115} INFO - [2025-02-04 15:58:09,242] {dag.py:2379} INFO - Sync 1 DAGs
[2025-02-04 15:58:09,250] {logging_mixin.py:115} INFO - [2025-02-04 15:58:09,250] {dag.py:2931} INFO - Setting next_dagrun for grippe_etl_pipeline to 2025-02-04T00:00:00+00:00, run_after=2025-02-05T00:00:00+00:00
[2025-02-04 15:58:09,255] {processor.py:161} INFO - Processing /opt/airflow/dags/influenza-ETL.py took 0.178 seconds
[2025-02-04 15:58:39,291] {processor.py:153} INFO - Started process (PID=2013) to work on /opt/airflow/dags/influenza-ETL.py
[2025-02-04 15:58:39,292] {processor.py:641} INFO - Processing file /opt/airflow/dags/influenza-ETL.py for tasks to queue
[2025-02-04 15:58:39,293] {logging_mixin.py:115} INFO - [2025-02-04 15:58:39,293] {dagbag.py:507} INFO - Filling up the DagBag from /opt/airflow/dags/influenza-ETL.py
[2025-02-04 15:58:39,491] {processor.py:651} INFO - DAG(s) dict_keys(['grippe_etl_pipeline']) retrieved from /opt/airflow/dags/influenza-ETL.py
[2025-02-04 15:58:39,498] {logging_mixin.py:115} INFO - [2025-02-04 15:58:39,498] {dag.py:2379} INFO - Sync 1 DAGs
[2025-02-04 15:58:39,504] {logging_mixin.py:115} INFO - [2025-02-04 15:58:39,504] {dag.py:2931} INFO - Setting next_dagrun for grippe_etl_pipeline to 2025-02-04T00:00:00+00:00, run_after=2025-02-05T00:00:00+00:00
[2025-02-04 15:58:39,507] {processor.py:161} INFO - Processing /opt/airflow/dags/influenza-ETL.py took 0.221 seconds
[2025-02-04 15:59:09,566] {processor.py:153} INFO - Started process (PID=2041) to work on /opt/airflow/dags/influenza-ETL.py
[2025-02-04 15:59:09,568] {processor.py:641} INFO - Processing file /opt/airflow/dags/influenza-ETL.py for tasks to queue
[2025-02-04 15:59:09,569] {logging_mixin.py:115} INFO - [2025-02-04 15:59:09,569] {dagbag.py:507} INFO - Filling up the DagBag from /opt/airflow/dags/influenza-ETL.py
[2025-02-04 15:59:09,844] {processor.py:651} INFO - DAG(s) dict_keys(['grippe_etl_pipeline']) retrieved from /opt/airflow/dags/influenza-ETL.py
[2025-02-04 15:59:09,858] {logging_mixin.py:115} INFO - [2025-02-04 15:59:09,858] {dag.py:2379} INFO - Sync 1 DAGs
[2025-02-04 15:59:09,865] {logging_mixin.py:115} INFO - [2025-02-04 15:59:09,865] {dag.py:2931} INFO - Setting next_dagrun for grippe_etl_pipeline to 2025-02-04T00:00:00+00:00, run_after=2025-02-05T00:00:00+00:00
[2025-02-04 15:59:09,869] {processor.py:161} INFO - Processing /opt/airflow/dags/influenza-ETL.py took 0.310 seconds
[2025-02-04 15:59:39,998] {processor.py:153} INFO - Started process (PID=2069) to work on /opt/airflow/dags/influenza-ETL.py
[2025-02-04 15:59:39,999] {processor.py:641} INFO - Processing file /opt/airflow/dags/influenza-ETL.py for tasks to queue
[2025-02-04 15:59:39,999] {logging_mixin.py:115} INFO - [2025-02-04 15:59:39,999] {dagbag.py:507} INFO - Filling up the DagBag from /opt/airflow/dags/influenza-ETL.py
[2025-02-04 15:59:40,175] {processor.py:651} INFO - DAG(s) dict_keys(['grippe_etl_pipeline']) retrieved from /opt/airflow/dags/influenza-ETL.py
[2025-02-04 15:59:40,182] {logging_mixin.py:115} INFO - [2025-02-04 15:59:40,182] {dag.py:2379} INFO - Sync 1 DAGs
[2025-02-04 15:59:40,189] {logging_mixin.py:115} INFO - [2025-02-04 15:59:40,189] {dag.py:2931} INFO - Setting next_dagrun for grippe_etl_pipeline to 2025-02-04T00:00:00+00:00, run_after=2025-02-05T00:00:00+00:00
[2025-02-04 15:59:40,192] {processor.py:161} INFO - Processing /opt/airflow/dags/influenza-ETL.py took 0.196 seconds
[2025-02-04 16:00:10,358] {processor.py:153} INFO - Started process (PID=2089) to work on /opt/airflow/dags/influenza-ETL.py
[2025-02-04 16:00:10,359] {processor.py:641} INFO - Processing file /opt/airflow/dags/influenza-ETL.py for tasks to queue
[2025-02-04 16:00:10,360] {logging_mixin.py:115} INFO - [2025-02-04 16:00:10,360] {dagbag.py:507} INFO - Filling up the DagBag from /opt/airflow/dags/influenza-ETL.py
[2025-02-04 16:00:10,567] {processor.py:651} INFO - DAG(s) dict_keys(['grippe_etl_pipeline']) retrieved from /opt/airflow/dags/influenza-ETL.py
[2025-02-04 16:00:10,574] {logging_mixin.py:115} INFO - [2025-02-04 16:00:10,574] {dag.py:2379} INFO - Sync 1 DAGs
[2025-02-04 16:00:10,581] {logging_mixin.py:115} INFO - [2025-02-04 16:00:10,581] {dag.py:2931} INFO - Setting next_dagrun for grippe_etl_pipeline to 2025-02-04T00:00:00+00:00, run_after=2025-02-05T00:00:00+00:00
[2025-02-04 16:00:10,584] {processor.py:161} INFO - Processing /opt/airflow/dags/influenza-ETL.py took 0.236 seconds
[2025-02-04 16:00:40,747] {processor.py:153} INFO - Started process (PID=2118) to work on /opt/airflow/dags/influenza-ETL.py
[2025-02-04 16:00:40,747] {processor.py:641} INFO - Processing file /opt/airflow/dags/influenza-ETL.py for tasks to queue
[2025-02-04 16:00:40,748] {logging_mixin.py:115} INFO - [2025-02-04 16:00:40,748] {dagbag.py:507} INFO - Filling up the DagBag from /opt/airflow/dags/influenza-ETL.py
[2025-02-04 16:00:40,910] {processor.py:651} INFO - DAG(s) dict_keys(['grippe_etl_pipeline']) retrieved from /opt/airflow/dags/influenza-ETL.py
[2025-02-04 16:00:40,917] {logging_mixin.py:115} INFO - [2025-02-04 16:00:40,916] {dag.py:2379} INFO - Sync 1 DAGs
[2025-02-04 16:00:40,923] {logging_mixin.py:115} INFO - [2025-02-04 16:00:40,923] {dag.py:2931} INFO - Setting next_dagrun for grippe_etl_pipeline to 2025-02-04T00:00:00+00:00, run_after=2025-02-05T00:00:00+00:00
[2025-02-04 16:00:40,926] {processor.py:161} INFO - Processing /opt/airflow/dags/influenza-ETL.py took 0.182 seconds
[2025-02-04 16:01:11,072] {processor.py:153} INFO - Started process (PID=2146) to work on /opt/airflow/dags/influenza-ETL.py
[2025-02-04 16:01:11,073] {processor.py:641} INFO - Processing file /opt/airflow/dags/influenza-ETL.py for tasks to queue
[2025-02-04 16:01:11,074] {logging_mixin.py:115} INFO - [2025-02-04 16:01:11,074] {dagbag.py:507} INFO - Filling up the DagBag from /opt/airflow/dags/influenza-ETL.py
[2025-02-04 16:01:11,240] {processor.py:651} INFO - DAG(s) dict_keys(['grippe_etl_pipeline']) retrieved from /opt/airflow/dags/influenza-ETL.py
[2025-02-04 16:01:11,248] {logging_mixin.py:115} INFO - [2025-02-04 16:01:11,248] {dag.py:2379} INFO - Sync 1 DAGs
[2025-02-04 16:01:11,255] {logging_mixin.py:115} INFO - [2025-02-04 16:01:11,255] {dag.py:2931} INFO - Setting next_dagrun for grippe_etl_pipeline to 2025-02-04T00:00:00+00:00, run_after=2025-02-05T00:00:00+00:00
[2025-02-04 16:01:11,258] {processor.py:161} INFO - Processing /opt/airflow/dags/influenza-ETL.py took 0.192 seconds
[2025-02-04 16:01:41,420] {processor.py:153} INFO - Started process (PID=2175) to work on /opt/airflow/dags/influenza-ETL.py
[2025-02-04 16:01:41,421] {processor.py:641} INFO - Processing file /opt/airflow/dags/influenza-ETL.py for tasks to queue
[2025-02-04 16:01:41,422] {logging_mixin.py:115} INFO - [2025-02-04 16:01:41,422] {dagbag.py:507} INFO - Filling up the DagBag from /opt/airflow/dags/influenza-ETL.py
[2025-02-04 16:01:41,569] {processor.py:651} INFO - DAG(s) dict_keys(['grippe_etl_pipeline']) retrieved from /opt/airflow/dags/influenza-ETL.py
[2025-02-04 16:01:41,576] {logging_mixin.py:115} INFO - [2025-02-04 16:01:41,575] {dag.py:2379} INFO - Sync 1 DAGs
[2025-02-04 16:01:41,582] {logging_mixin.py:115} INFO - [2025-02-04 16:01:41,582] {dag.py:2931} INFO - Setting next_dagrun for grippe_etl_pipeline to 2025-02-04T00:00:00+00:00, run_after=2025-02-05T00:00:00+00:00
[2025-02-04 16:01:41,585] {processor.py:161} INFO - Processing /opt/airflow/dags/influenza-ETL.py took 0.168 seconds
[2025-02-04 16:02:11,617] {processor.py:153} INFO - Started process (PID=2204) to work on /opt/airflow/dags/influenza-ETL.py
[2025-02-04 16:02:11,618] {processor.py:641} INFO - Processing file /opt/airflow/dags/influenza-ETL.py for tasks to queue
[2025-02-04 16:02:11,618] {logging_mixin.py:115} INFO - [2025-02-04 16:02:11,618] {dagbag.py:507} INFO - Filling up the DagBag from /opt/airflow/dags/influenza-ETL.py
[2025-02-04 16:02:11,766] {processor.py:651} INFO - DAG(s) dict_keys(['grippe_etl_pipeline']) retrieved from /opt/airflow/dags/influenza-ETL.py
[2025-02-04 16:02:11,774] {logging_mixin.py:115} INFO - [2025-02-04 16:02:11,773] {dag.py:2379} INFO - Sync 1 DAGs
[2025-02-04 16:02:11,780] {logging_mixin.py:115} INFO - [2025-02-04 16:02:11,780] {dag.py:2931} INFO - Setting next_dagrun for grippe_etl_pipeline to 2025-02-04T00:00:00+00:00, run_after=2025-02-05T00:00:00+00:00
[2025-02-04 16:02:11,783] {processor.py:161} INFO - Processing /opt/airflow/dags/influenza-ETL.py took 0.172 seconds
