[2025-02-05 14:23:55,173] {taskinstance.py:1159} INFO - Dependencies all met for <TaskInstance: grippe_ETL_pipeline.transform_vaccins2023 manual__2025-02-05T14:23:53.594885+00:00 [queued]>
[2025-02-05 14:23:55,176] {taskinstance.py:1159} INFO - Dependencies all met for <TaskInstance: grippe_ETL_pipeline.transform_vaccins2023 manual__2025-02-05T14:23:53.594885+00:00 [queued]>
[2025-02-05 14:23:55,176] {taskinstance.py:1356} INFO - 
--------------------------------------------------------------------------------
[2025-02-05 14:23:55,176] {taskinstance.py:1357} INFO - Starting attempt 1 of 4
[2025-02-05 14:23:55,176] {taskinstance.py:1358} INFO - 
--------------------------------------------------------------------------------
[2025-02-05 14:23:55,181] {taskinstance.py:1377} INFO - Executing <Task(PythonOperator): transform_vaccins2023> on 2025-02-05 14:23:53.594885+00:00
[2025-02-05 14:23:55,183] {standard_task_runner.py:52} INFO - Started process 11877 to run task
[2025-02-05 14:23:55,185] {standard_task_runner.py:79} INFO - Running: ['***', 'tasks', 'run', 'grippe_ETL_pipeline', 'transform_vaccins2023', 'manual__2025-02-05T14:23:53.594885+00:00', '--job-id', '638', '--raw', '--subdir', 'DAGS_FOLDER/influenza-ETL.py', '--cfg-path', '/tmp/tmpj7bpatvg', '--error-file', '/tmp/tmp7w_oxa1y']
[2025-02-05 14:23:55,185] {standard_task_runner.py:80} INFO - Job 638: Subtask transform_vaccins2023
[2025-02-05 14:23:55,205] {task_command.py:370} INFO - Running <TaskInstance: grippe_ETL_pipeline.transform_vaccins2023 manual__2025-02-05T14:23:53.594885+00:00 [running]> on host e70e045b31e0
[2025-02-05 14:23:55,230] {taskinstance.py:1571} INFO - Exporting the following env vars:
AIRFLOW_CTX_DAG_OWNER=***
AIRFLOW_CTX_DAG_ID=grippe_ETL_pipeline
AIRFLOW_CTX_TASK_ID=transform_vaccins2023
AIRFLOW_CTX_EXECUTION_DATE=2025-02-05T14:23:53.594885+00:00
AIRFLOW_CTX_TRY_NUMBER=1
AIRFLOW_CTX_DAG_RUN_ID=manual__2025-02-05T14:23:53.594885+00:00
[2025-02-05 14:23:55,247] {logging_mixin.py:115} INFO - ✅ VACCINS2023 - Fichier TRANSFORMÉ sauvegardé : data/transformed_vaccins2023_20250205_142355.csv (52 lignes)
[2025-02-05 14:23:55,247] {python.py:173} INFO - Done. Returned value was: None
[2025-02-05 14:23:55,252] {taskinstance.py:1400} INFO - Marking task as SUCCESS. dag_id=grippe_ETL_pipeline, task_id=transform_vaccins2023, execution_date=20250205T142353, start_date=20250205T142355, end_date=20250205T142355
[2025-02-05 14:23:55,282] {local_task_job.py:156} INFO - Task exited with return code 0
[2025-02-05 14:23:55,296] {local_task_job.py:273} INFO - 1 downstream tasks scheduled from follow-on schedule check
