[2025-02-05 14:00:00,863] {taskinstance.py:1159} INFO - Dependencies all met for <TaskInstance: grippe_ETL_pipeline.extract_vaccins scheduled__2025-02-05T13:00:00+00:00 [queued]>
[2025-02-05 14:00:00,866] {taskinstance.py:1159} INFO - Dependencies all met for <TaskInstance: grippe_ETL_pipeline.extract_vaccins scheduled__2025-02-05T13:00:00+00:00 [queued]>
[2025-02-05 14:00:00,866] {taskinstance.py:1356} INFO - 
--------------------------------------------------------------------------------
[2025-02-05 14:00:00,866] {taskinstance.py:1357} INFO - Starting attempt 1 of 4
[2025-02-05 14:00:00,866] {taskinstance.py:1358} INFO - 
--------------------------------------------------------------------------------
[2025-02-05 14:00:00,871] {taskinstance.py:1377} INFO - Executing <Task(PythonOperator): extract_vaccins> on 2025-02-05 13:00:00+00:00
[2025-02-05 14:00:00,874] {standard_task_runner.py:52} INFO - Started process 10618 to run task
[2025-02-05 14:00:00,875] {standard_task_runner.py:79} INFO - Running: ['***', 'tasks', 'run', 'grippe_ETL_pipeline', 'extract_vaccins', 'scheduled__2025-02-05T13:00:00+00:00', '--job-id', '621', '--raw', '--subdir', 'DAGS_FOLDER/influenza-ETL.py', '--cfg-path', '/tmp/tmp780qf3l1', '--error-file', '/tmp/tmpr6pugjyg']
[2025-02-05 14:00:00,876] {standard_task_runner.py:80} INFO - Job 621: Subtask extract_vaccins
[2025-02-05 14:00:00,906] {task_command.py:370} INFO - Running <TaskInstance: grippe_ETL_pipeline.extract_vaccins scheduled__2025-02-05T13:00:00+00:00 [running]> on host e70e045b31e0
[2025-02-05 14:00:00,936] {taskinstance.py:1571} INFO - Exporting the following env vars:
AIRFLOW_CTX_DAG_OWNER=***
AIRFLOW_CTX_DAG_ID=grippe_ETL_pipeline
AIRFLOW_CTX_TASK_ID=extract_vaccins
AIRFLOW_CTX_EXECUTION_DATE=2025-02-05T13:00:00+00:00
AIRFLOW_CTX_TRY_NUMBER=1
AIRFLOW_CTX_DAG_RUN_ID=scheduled__2025-02-05T13:00:00+00:00
[2025-02-05 14:00:01,273] {logging_mixin.py:115} INFO - ✅ VACCINS - Fichier RAW sauvegardé : data/raw_vaccins_20250205_140001.csv
[2025-02-05 14:00:01,273] {python.py:173} INFO - Done. Returned value was: None
[2025-02-05 14:00:01,281] {taskinstance.py:1400} INFO - Marking task as SUCCESS. dag_id=grippe_ETL_pipeline, task_id=extract_vaccins, execution_date=20250205T130000, start_date=20250205T140000, end_date=20250205T140001
[2025-02-05 14:00:01,319] {local_task_job.py:156} INFO - Task exited with return code 0
[2025-02-05 14:00:01,339] {local_task_job.py:273} INFO - 1 downstream tasks scheduled from follow-on schedule check
