[2025-02-05 13:14:08,324] {taskinstance.py:1159} INFO - Dependencies all met for <TaskInstance: grippe_ETL_pipeline.transform_vaccins manual__2025-02-05T13:14:06.531755+00:00 [queued]>
[2025-02-05 13:14:08,327] {taskinstance.py:1159} INFO - Dependencies all met for <TaskInstance: grippe_ETL_pipeline.transform_vaccins manual__2025-02-05T13:14:06.531755+00:00 [queued]>
[2025-02-05 13:14:08,328] {taskinstance.py:1356} INFO - 
--------------------------------------------------------------------------------
[2025-02-05 13:14:08,328] {taskinstance.py:1357} INFO - Starting attempt 1 of 4
[2025-02-05 13:14:08,328] {taskinstance.py:1358} INFO - 
--------------------------------------------------------------------------------
[2025-02-05 13:14:08,332] {taskinstance.py:1377} INFO - Executing <Task(PythonOperator): transform_vaccins> on 2025-02-05 13:14:06.531755+00:00
[2025-02-05 13:14:08,335] {standard_task_runner.py:52} INFO - Started process 8263 to run task
[2025-02-05 13:14:08,336] {standard_task_runner.py:79} INFO - Running: ['***', 'tasks', 'run', 'grippe_ETL_pipeline', 'transform_vaccins', 'manual__2025-02-05T13:14:06.531755+00:00', '--job-id', '615', '--raw', '--subdir', 'DAGS_FOLDER/influenza-ETL.py', '--cfg-path', '/tmp/tmpgeubgh20', '--error-file', '/tmp/tmpyw1miot3']
[2025-02-05 13:14:08,337] {standard_task_runner.py:80} INFO - Job 615: Subtask transform_vaccins
[2025-02-05 13:14:08,357] {task_command.py:370} INFO - Running <TaskInstance: grippe_ETL_pipeline.transform_vaccins manual__2025-02-05T13:14:06.531755+00:00 [running]> on host e70e045b31e0
[2025-02-05 13:14:08,382] {taskinstance.py:1571} INFO - Exporting the following env vars:
AIRFLOW_CTX_DAG_OWNER=***
AIRFLOW_CTX_DAG_ID=grippe_ETL_pipeline
AIRFLOW_CTX_TASK_ID=transform_vaccins
AIRFLOW_CTX_EXECUTION_DATE=2025-02-05T13:14:06.531755+00:00
AIRFLOW_CTX_TRY_NUMBER=1
AIRFLOW_CTX_DAG_RUN_ID=manual__2025-02-05T13:14:06.531755+00:00
[2025-02-05 13:14:08,395] {logging_mixin.py:115} INFO - ✅ VACCINS - Fichier TRANSFORMÉ sauvegardé : data/transformed_vaccins_20250205_131408.csv (52 lignes)
[2025-02-05 13:14:08,395] {python.py:173} INFO - Done. Returned value was: None
[2025-02-05 13:14:08,399] {taskinstance.py:1400} INFO - Marking task as SUCCESS. dag_id=grippe_ETL_pipeline, task_id=transform_vaccins, execution_date=20250205T131406, start_date=20250205T131408, end_date=20250205T131408
[2025-02-05 13:14:08,436] {local_task_job.py:156} INFO - Task exited with return code 0
[2025-02-05 13:14:08,450] {local_task_job.py:273} INFO - 1 downstream tasks scheduled from follow-on schedule check
