[2025-02-05 14:23:54,121] {taskinstance.py:1159} INFO - Dependencies all met for <TaskInstance: grippe_ETL_pipeline.extract_vaccins2024 manual__2025-02-05T14:23:53.594885+00:00 [queued]>
[2025-02-05 14:23:54,125] {taskinstance.py:1159} INFO - Dependencies all met for <TaskInstance: grippe_ETL_pipeline.extract_vaccins2024 manual__2025-02-05T14:23:53.594885+00:00 [queued]>
[2025-02-05 14:23:54,126] {taskinstance.py:1356} INFO - 
--------------------------------------------------------------------------------
[2025-02-05 14:23:54,126] {taskinstance.py:1357} INFO - Starting attempt 1 of 4
[2025-02-05 14:23:54,126] {taskinstance.py:1358} INFO - 
--------------------------------------------------------------------------------
[2025-02-05 14:23:54,130] {taskinstance.py:1377} INFO - Executing <Task(PythonOperator): extract_vaccins2024> on 2025-02-05 14:23:53.594885+00:00
[2025-02-05 14:23:54,133] {standard_task_runner.py:52} INFO - Started process 11869 to run task
[2025-02-05 14:23:54,134] {standard_task_runner.py:79} INFO - Running: ['***', 'tasks', 'run', 'grippe_ETL_pipeline', 'extract_vaccins2024', 'manual__2025-02-05T14:23:53.594885+00:00', '--job-id', '635', '--raw', '--subdir', 'DAGS_FOLDER/influenza-ETL.py', '--cfg-path', '/tmp/tmpuguq5xma', '--error-file', '/tmp/tmp4r7wggk7']
[2025-02-05 14:23:54,135] {standard_task_runner.py:80} INFO - Job 635: Subtask extract_vaccins2024
[2025-02-05 14:23:54,165] {task_command.py:370} INFO - Running <TaskInstance: grippe_ETL_pipeline.extract_vaccins2024 manual__2025-02-05T14:23:53.594885+00:00 [running]> on host e70e045b31e0
[2025-02-05 14:23:54,198] {taskinstance.py:1571} INFO - Exporting the following env vars:
AIRFLOW_CTX_DAG_OWNER=***
AIRFLOW_CTX_DAG_ID=grippe_ETL_pipeline
AIRFLOW_CTX_TASK_ID=extract_vaccins2024
AIRFLOW_CTX_EXECUTION_DATE=2025-02-05T14:23:53.594885+00:00
AIRFLOW_CTX_TRY_NUMBER=1
AIRFLOW_CTX_DAG_RUN_ID=manual__2025-02-05T14:23:53.594885+00:00
[2025-02-05 14:23:54,558] {logging_mixin.py:115} INFO - ✅ VACCINS2024 - Fichier RAW sauvegardé : data/raw_vaccins2024_20250205_142354.csv
[2025-02-05 14:23:54,560] {python.py:173} INFO - Done. Returned value was: None
[2025-02-05 14:23:54,570] {taskinstance.py:1400} INFO - Marking task as SUCCESS. dag_id=grippe_ETL_pipeline, task_id=extract_vaccins2024, execution_date=20250205T142353, start_date=20250205T142354, end_date=20250205T142354
[2025-02-05 14:23:54,602] {local_task_job.py:156} INFO - Task exited with return code 0
[2025-02-05 14:23:54,626] {local_task_job.py:273} INFO - 1 downstream tasks scheduled from follow-on schedule check
